Device 0 name: 
Maximum number of threads per block: 1024
Results for h_out_x:
        0  0.00
        1  2.00
        2  4.00
        3  6.00
        4  8.00
        5 10.00
        6 12.00
        7 14.00
        8 16.00
        9 18.00
       10 20.00
       11 22.00
       12 24.00
       13 26.00
       14 28.00
       15 30.00
       16 32.00
       17 34.00
       18 36.00
       19 38.00
       20 40.00
       21 42.00
       22 44.00
       23 46.00
       24 48.00
       25 50.00
       26 52.00
       27 54.00
       28 56.00
       29 58.00
       30 60.00
       31 62.00
       32 64.00
       33 66.00
       34 68.00
       35 70.00
       36 72.00
       37 74.00
       38 76.00
       39 78.00
       40 80.00
       41 82.00
       42 84.00
       43 86.00
       44 88.00
       45 90.00
       46 92.00
       47 94.00
       48 96.00
       49 98.00
       50 100.00
       51 102.00
       52 104.00
       53 106.00
       54 108.00
       55 110.00
       56 112.00
       57 114.00
       58 116.00
       59 118.00
       60 120.00
       61 122.00
       62 124.00
       63 126.00
       64 128.00
       65 130.00
       66 132.00
       67 134.00
       68 136.00
       69 138.00
       70 140.00
       71 142.00
       72 144.00
       73 146.00
       74 148.00
       75 150.00
       76 152.00
       77 154.00
       78 156.00
       79 158.00
       80 160.00
       81 162.00
       82 164.00
       83 166.00
       84 168.00
       85 170.00
       86 172.00
       87 174.00
       88 176.00
       89 178.00
       90 180.00
       91 182.00
       92 184.00
       93 186.00
       94 188.00
       95 190.00
       96 192.00
       97 194.00
       98 196.00
       99 198.00
No. elements 100, and correct: 100
Results for h_out_y:
        0  0.00
        1  4.00
        2  8.00
        3 12.00
        4 16.00
        5 20.00
        6 24.00
        7 28.00
        8 32.00
        9 36.00
       10 40.00
       11 44.00
       12 48.00
       13 52.00
       14 56.00
       15 60.00
       16 64.00
       17 68.00
       18 72.00
       19 76.00
       20 80.00
       21 84.00
       22 88.00
       23 92.00
       24 96.00
       25 100.00
       26 104.00
       27 108.00
       28 112.00
       29 116.00
       30 120.00
       31 124.00
       32 128.00
       33 132.00
       34 136.00
       35 140.00
       36 144.00
       37 148.00
       38 152.00
       39 156.00
       40 160.00
       41 164.00
       42 168.00
       43 172.00
       44 176.00
       45 180.00
       46 184.00
       47 188.00
       48 192.00
       49 196.00
       50 200.00
       51 204.00
       52 208.00
       53 212.00
       54 216.00
       55 220.00
       56 224.00
       57 228.00
       58 232.00
       59 236.00
       60 240.00
       61 244.00
       62 248.00
       63 252.00
       64 256.00
       65 260.00
       66 264.00
       67 268.00
       68 272.00
       69 276.00
       70 280.00
       71 284.00
       72 288.00
       73 292.00
       74 296.00
       75 300.00
       76 304.00
       77 308.00
       78 312.00
       79 316.00
       80 320.00
       81 324.00
       82 328.00
       83 332.00
       84 336.00
       85 340.00
       86 344.00
       87 348.00
       88 352.00
       89 356.00
       90 360.00
       91 364.00
       92 368.00
       93 372.00
       94 376.00
       95 380.00
       96 384.00
       97 388.00
       98 392.00
       99 396.00
No. elements 100, and correct: 100
