RPL: on '240809_183404' from '/opt/rocm-5.2.3' in '/mnt/lustre/a2fs-work4/work/ta163/ta163/ta163lr/archer2-gpu-course/section-2.06/my_solution/step2'
RPL: profiling '"./a.out"'
RPL: input file ''
RPL: output dir '/tmp/rpl_data_240809_183404_49398'
RPL: result dir '/tmp/rpl_data_240809_183404_49398/input_results_240809_183404'
ROCProfiler: input from "/tmp/rpl_data_240809_183404_49398/input.xml"
  0 metrics
Device 0 name: 
Maximum number of threads per block: 1024
Results:
Row     0  0.0000000e+00  0.0000000e+00
Row     1  8.9970000e+06  8.9970000e+06
Row     2  1.7994000e+07  1.7994000e+07
Row     3  2.6991000e+07  2.6991000e+07
Row     4  3.5988000e+07  3.5988000e+07
Row     5  4.4985000e+07  4.4985000e+07
Row     6  5.3982000e+07  5.3982000e+07
Row     7  6.2979000e+07  6.2979000e+07
Row     8  7.1976000e+07  7.1976000e+07
Row     9  8.0973000e+07  8.0973000e+07
Row    10  8.9970000e+07  8.9970000e+07
Row    11  9.8967000e+07  9.8967000e+07
Row    12  1.0796400e+08  1.0796400e+08
Row    13  1.1696100e+08  1.1696100e+08
Row    14  1.2595800e+08  1.2595800e+08
Row    15  1.3495500e+08  1.3495500e+08
Row    16  1.4395200e+08  1.4395200e+08
Row    17  1.5294900e+08  1.5294900e+08
Row    18  1.6194600e+08  1.6194600e+08
Row    19  1.7094300e+08  1.7094300e+08
Row    20  1.7994000e+08  1.7994000e+08
Row    21  1.8893700e+08  1.8893700e+08
Row    22  1.9793400e+08  1.9793400e+08
Row    23  2.0693100e+08  2.0693100e+08
Row    24  2.1592800e+08  2.1592800e+08
Row    25  2.2492500e+08  2.2492500e+08
Row    26  2.3392200e+08  2.3392200e+08
Row    27  2.4291900e+08  2.4291900e+08
Row    28  2.5191600e+08  2.5191600e+08
Row    29  2.6091300e+08  2.6091300e+08
Row    30  2.6991000e+08  2.6991000e+08
Row    31  2.7890700e+08  2.7890700e+08
Row    32  2.8790400e+08  2.8790400e+08
Row    33  2.9690100e+08  2.9690100e+08
Row    34  3.0589800e+08  3.0589800e+08
Row    35  3.1489500e+08  3.1489500e+08
Row    36  3.2389200e+08  3.2389200e+08
Row    37  3.3288900e+08  3.3288900e+08
Row    38  3.4188600e+08  3.4188600e+08
Row    39  3.5088300e+08  3.5088300e+08
Row    40  3.5988000e+08  3.5988000e+08
Row    41  3.6887700e+08  3.6887700e+08
Row    42  3.7787400e+08  3.7787400e+08
Row    43  3.8687100e+08  3.8687100e+08
Row    44  3.9586800e+08  3.9586800e+08
Row    45  4.0486500e+08  4.0486500e+08
Row    46  4.1386200e+08  4.1386200e+08
Row    47  4.2285900e+08  4.2285900e+08
Row    48  4.3185600e+08  4.3185600e+08
Row    49  4.4085300e+08  4.4085300e+08
Row    50  4.4985000e+08  4.4985000e+08
Row    51  4.5884700e+08  4.5884700e+08
Row    52  4.6784400e+08  4.6784400e+08
Row    53  4.7684100e+08  4.7684100e+08
Row    54  4.8583800e+08  4.8583800e+08
Row    55  4.9483500e+08  4.9483500e+08
Row    56  5.0383200e+08  5.0383200e+08
Row    57  5.1282900e+08  5.1282900e+08
Row    58  5.2182600e+08  5.2182600e+08
Row    59  5.3082300e+08  5.3082300e+08
Row    60  5.3982000e+08  5.3982000e+08
Row    61  5.4881700e+08  5.4881700e+08
Row    62  5.5781400e+08  5.5781400e+08
Row    63  5.6681100e+08  5.6681100e+08
Row    64  5.7580800e+08  5.7580800e+08
Row    65  5.8480500e+08  5.8480500e+08
Row    66  5.9380200e+08  5.9380200e+08
Row    67  6.0279900e+08  6.0279900e+08
Row    68  6.1179600e+08  6.1179600e+08
Row    69  6.2079300e+08  6.2079300e+08
Row    70  6.2979000e+08  6.2979000e+08
Row    71  6.3878700e+08  6.3878700e+08
Row    72  6.4778400e+08  6.4778400e+08
Row    73  6.5678100e+08  6.5678100e+08
Row    74  6.6577800e+08  6.6577800e+08
Row    75  6.7477500e+08  6.7477500e+08
Row    76  6.8377200e+08  6.8377200e+08
Row    77  6.9276900e+08  6.9276900e+08
Row    78  7.0176600e+08  7.0176600e+08
Row    79  7.1076300e+08  7.1076300e+08
Row    80  7.1976000e+08  7.1976000e+08
Row    81  7.2875700e+08  7.2875700e+08
Row    82  7.3775400e+08  7.3775400e+08
Row    83  7.4675100e+08  7.4675100e+08
Row    84  7.5574800e+08  7.5574800e+08
Row    85  7.6474500e+08  7.6474500e+08
Row    86  7.7374200e+08  7.7374200e+08
Row    87  7.8273900e+08  7.8273900e+08
Row    88  7.9173600e+08  7.9173600e+08
Row    89  8.0073300e+08  8.0073300e+08
Row    90  8.0973000e+08  8.0973000e+08
Row    91  8.1872700e+08  8.1872700e+08
Row    92  8.2772400e+08  8.2772400e+08
Row    93  8.3672100e+08  8.3672100e+08
Row    94  8.4571800e+08  8.4571800e+08
Row    95  8.5471500e+08  8.5471500e+08
Row    96  8.6371200e+08  8.6371200e+08
Row    97  8.7270900e+08  8.7270900e+08
Row    98  8.8170600e+08  8.8170600e+08
Row    99  8.9070300e+08  8.9070300e+08
Row   100  8.9970000e+08  8.9970000e+08
Row   101  9.0869700e+08  9.0869700e+08
Row   102  9.1769400e+08  9.1769400e+08
Row   103  9.2669100e+08  9.2669100e+08
Row   104  9.3568800e+08  9.3568800e+08
Row   105  9.4468500e+08  9.4468500e+08
Row   106  9.5368200e+08  9.5368200e+08
Row   107  9.6267900e+08  9.6267900e+08
Row   108  9.7167600e+08  9.7167600e+08
Row   109  9.8067300e+08  9.8067300e+08
Row   110  9.8967000e+08  9.8967000e+08
Row   111  9.9866700e+08  9.9866700e+08
Row   112  1.0076640e+09  1.0076640e+09
Row   113  1.0166610e+09  1.0166610e+09
Row   114  1.0256580e+09  1.0256580e+09
Row   115  1.0346550e+09  1.0346550e+09
Row   116  1.0436520e+09  1.0436520e+09
Row   117  1.0526490e+09  1.0526490e+09
Row   118  1.0616460e+09  1.0616460e+09
Row   119  1.0706430e+09  1.0706430e+09
Row   120  1.0796400e+09  1.0796400e+09
Row   121  1.0886370e+09  1.0886370e+09
Row   122  1.0976340e+09  1.0976340e+09
Row   123  1.1066310e+09  1.1066310e+09
Row   124  1.1156280e+09  1.1156280e+09
Row   125  1.1246250e+09  1.1246250e+09
Row   126  1.1336220e+09  1.1336220e+09
Row   127  1.1426190e+09  1.1426190e+09
Row   128  1.1516160e+09  1.1516160e+09
Row   129  1.1606130e+09  1.1606130e+09
Row   130  1.1696100e+09  1.1696100e+09
Row   131  1.1786070e+09  1.1786070e+09
Row   132  1.1876040e+09  1.1876040e+09
Row   133  1.1966010e+09  1.1966010e+09
Row   134  1.2055980e+09  1.2055980e+09
Row   135  1.2145950e+09  1.2145950e+09
Row   136  1.2235920e+09  1.2235920e+09
Row   137  1.2325890e+09  1.2325890e+09
Row   138  1.2415860e+09  1.2415860e+09
Row   139  1.2505830e+09  1.2505830e+09
Row   140  1.2595800e+09  1.2595800e+09
Row   141  1.2685770e+09  1.2685770e+09
Row   142  1.2775740e+09  1.2775740e+09
Row   143  1.2865710e+09  1.2865710e+09
Row   144  1.2955680e+09  1.2955680e+09
Row   145  1.3045650e+09  1.3045650e+09
Row   146  1.3135620e+09  1.3135620e+09
Row   147  1.3225590e+09  1.3225590e+09
Row   148  1.3315560e+09  1.3315560e+09
Row   149  1.3405530e+09  1.3405530e+09
Row   150  1.3495500e+09  1.3495500e+09
Row   151  1.3585470e+09  1.3585470e+09
Row   152  1.3675440e+09  1.3675440e+09
Row   153  1.3765410e+09  1.3765410e+09
Row   154  1.3855380e+09  1.3855380e+09
Row   155  1.3945350e+09  1.3945350e+09
Row   156  1.4035320e+09  1.4035320e+09
Row   157  1.4125290e+09  1.4125290e+09
Row   158  1.4215260e+09  1.4215260e+09
Row   159  1.4305230e+09  1.4305230e+09
Row   160  1.4395200e+09  1.4395200e+09
Row   161  1.4485170e+09  1.4485170e+09
Row   162  1.4575140e+09  1.4575140e+09
Row   163  1.4665110e+09  1.4665110e+09
Row   164  1.4755080e+09  1.4755080e+09
Row   165  1.4845050e+09  1.4845050e+09
Row   166  1.4935020e+09  1.4935020e+09
Row   167  1.5024990e+09  1.5024990e+09
Row   168  1.5114960e+09  1.5114960e+09
Row   169  1.5204930e+09  1.5204930e+09
Row   170  1.5294900e+09  1.5294900e+09
Row   171  1.5384870e+09  1.5384870e+09
Row   172  1.5474840e+09  1.5474840e+09
Row   173  1.5564810e+09  1.5564810e+09
Row   174  1.5654780e+09  1.5654780e+09
Row   175  1.5744750e+09  1.5744750e+09
Row   176  1.5834720e+09  1.5834720e+09
Row   177  1.5924690e+09  1.5924690e+09
Row   178  1.6014660e+09  1.6014660e+09
Row   179  1.6104630e+09  1.6104630e+09
Row   180  1.6194600e+09  1.6194600e+09
Row   181  1.6284570e+09  1.6284570e+09
Row   182  1.6374540e+09  1.6374540e+09
Row   183  1.6464510e+09  1.6464510e+09
Row   184  1.6554480e+09  1.6554480e+09
Row   185  1.6644450e+09  1.6644450e+09
Row   186  1.6734420e+09  1.6734420e+09
Row   187  1.6824390e+09  1.6824390e+09
Row   188  1.6914360e+09  1.6914360e+09
Row   189  1.7004330e+09  1.7004330e+09
Row   190  1.7094300e+09  1.7094300e+09
Row   191  1.7184270e+09  1.7184270e+09
Row   192  1.7274240e+09  1.7274240e+09
Row   193  1.7364210e+09  1.7364210e+09
Row   194  1.7454180e+09  1.7454180e+09
Row   195  1.7544150e+09  1.7544150e+09
Row   196  1.7634120e+09  1.7634120e+09
Row   197  1.7724090e+09  1.7724090e+09
Row   198  1.7814060e+09  1.7814060e+09
Row   199  1.7904030e+09  1.7904030e+09
Row   200  1.7994000e+09  1.7994000e+09
Row   201  1.8083970e+09  1.8083970e+09
Row   202  1.8173940e+09  1.8173940e+09
Row   203  1.8263910e+09  1.8263910e+09
Row   204  1.8353880e+09  1.8353880e+09
Row   205  1.8443850e+09  1.8443850e+09
Row   206  1.8533820e+09  1.8533820e+09
Row   207  1.8623790e+09  1.8623790e+09
Row   208  1.8713760e+09  1.8713760e+09
Row   209  1.8803730e+09  1.8803730e+09
Row   210  1.8893700e+09  1.8893700e+09
Row   211  1.8983670e+09  1.8983670e+09
Row   212  1.9073640e+09  1.9073640e+09
Row   213  1.9163610e+09  1.9163610e+09
Row   214  1.9253580e+09  1.9253580e+09
Row   215  1.9343550e+09  1.9343550e+09
Row   216  1.9433520e+09  1.9433520e+09
Row   217  1.9523490e+09  1.9523490e+09
Row   218  1.9613460e+09  1.9613460e+09
Row   219  1.9703430e+09  1.9703430e+09
Row   220  1.9793400e+09  1.9793400e+09
Row   221  1.9883370e+09  1.9883370e+09
Row   222  1.9973340e+09  1.9973340e+09
Row   223  2.0063310e+09  2.0063310e+09
Row   224  2.0153280e+09  2.0153280e+09
Row   225  2.0243250e+09  2.0243250e+09
Row   226  2.0333220e+09  2.0333220e+09
Row   227  2.0423190e+09  2.0423190e+09
Row   228  2.0513160e+09  2.0513160e+09
Row   229  2.0603130e+09  2.0603130e+09
Row   230  2.0693100e+09  2.0693100e+09
Row   231  2.0783070e+09  2.0783070e+09
Row   232  2.0873040e+09  2.0873040e+09
Row   233  2.0963010e+09  2.0963010e+09
Row   234  2.1052980e+09  2.1052980e+09
Row   235  2.1142950e+09  2.1142950e+09
Row   236  2.1232920e+09  2.1232920e+09
Row   237  2.1322890e+09  2.1322890e+09
Row   238  2.1412860e+09  2.1412860e+09
Row   239  2.1502830e+09  2.1502830e+09
Row   240  2.1592800e+09  2.1592800e+09
Row   241  2.1682770e+09  2.1682770e+09
Row   242  2.1772740e+09  2.1772740e+09
Row   243  2.1862710e+09  2.1862710e+09
Row   244  2.1952680e+09  2.1952680e+09
Row   245  2.2042650e+09  2.2042650e+09
Row   246  2.2132620e+09  2.2132620e+09
Row   247  2.2222590e+09  2.2222590e+09
Row   248  2.2312560e+09  2.2312560e+09
Row   249  2.2402530e+09  2.2402530e+09
Row   250  2.2492500e+09  2.2492500e+09
Row   251  2.2582470e+09  2.2582470e+09
Row   252  2.2672440e+09  2.2672440e+09
Row   253  2.2762410e+09  2.2762410e+09
Row   254  2.2852380e+09  2.2852380e+09
Row   255  2.2942350e+09  2.2942350e+09
Row   256  2.3032320e+09  2.3032320e+09
Row   257  2.3122290e+09  2.3122290e+09
Row   258  2.3212260e+09  2.3212260e+09
Row   259  2.3302230e+09  2.3302230e+09
Row   260  2.3392200e+09  2.3392200e+09
Row   261  2.3482170e+09  2.3482170e+09
Row   262  2.3572140e+09  2.3572140e+09
Row   263  2.3662110e+09  2.3662110e+09
Row   264  2.3752080e+09  2.3752080e+09
Row   265  2.3842050e+09  2.3842050e+09
Row   266  2.3932020e+09  2.3932020e+09
Row   267  2.4021990e+09  2.4021990e+09
Row   268  2.4111960e+09  2.4111960e+09
Row   269  2.4201930e+09  2.4201930e+09
Row   270  2.4291900e+09  2.4291900e+09
Row   271  2.4381870e+09  2.4381870e+09
Row   272  2.4471840e+09  2.4471840e+09
Row   273  2.4561810e+09  2.4561810e+09
Row   274  2.4651780e+09  2.4651780e+09
Row   275  2.4741750e+09  2.4741750e+09
Row   276  2.4831720e+09  2.4831720e+09
Row   277  2.4921690e+09  2.4921690e+09
Row   278  2.5011660e+09  2.5011660e+09
Row   279  2.5101630e+09  2.5101630e+09
Row   280  2.5191600e+09  2.5191600e+09
Row   281  2.5281570e+09  2.5281570e+09
Row   282  2.5371540e+09  2.5371540e+09
Row   283  2.5461510e+09  2.5461510e+09
Row   284  2.5551480e+09  2.5551480e+09
Row   285  2.5641450e+09  2.5641450e+09
Row   286  2.5731420e+09  2.5731420e+09
Row   287  2.5821390e+09  2.5821390e+09
Row   288  2.5911360e+09  2.5911360e+09
Row   289  2.6001330e+09  2.6001330e+09
Row   290  2.6091300e+09  2.6091300e+09
Row   291  2.6181270e+09  2.6181270e+09
Row   292  2.6271240e+09  2.6271240e+09
Row   293  2.6361210e+09  2.6361210e+09
Row   294  2.6451180e+09  2.6451180e+09
Row   295  2.6541150e+09  2.6541150e+09
Row   296  2.6631120e+09  2.6631120e+09
Row   297  2.6721090e+09  2.6721090e+09
Row   298  2.6811060e+09  2.6811060e+09
Row   299  2.6901030e+09  2.6901030e+09
Row   300  2.6991000e+09  2.6991000e+09
Row   301  2.7080970e+09  2.7080970e+09
Row   302  2.7170940e+09  2.7170940e+09
Row   303  2.7260910e+09  2.7260910e+09
Row   304  2.7350880e+09  2.7350880e+09
Row   305  2.7440850e+09  2.7440850e+09
Row   306  2.7530820e+09  2.7530820e+09
Row   307  2.7620790e+09  2.7620790e+09
Row   308  2.7710760e+09  2.7710760e+09
Row   309  2.7800730e+09  2.7800730e+09
Row   310  2.7890700e+09  2.7890700e+09
Row   311  2.7980670e+09  2.7980670e+09
Row   312  2.8070640e+09  2.8070640e+09
Row   313  2.8160610e+09  2.8160610e+09
Row   314  2.8250580e+09  2.8250580e+09
Row   315  2.8340550e+09  2.8340550e+09
Row   316  2.8430520e+09  2.8430520e+09
Row   317  2.8520490e+09  2.8520490e+09
Row   318  2.8610460e+09  2.8610460e+09
Row   319  2.8700430e+09  2.8700430e+09
Row   320  2.8790400e+09  2.8790400e+09
Row   321  2.8880370e+09  2.8880370e+09
Row   322  2.8970340e+09  2.8970340e+09
Row   323  2.9060310e+09  2.9060310e+09
Row   324  2.9150280e+09  2.9150280e+09
Row   325  2.9240250e+09  2.9240250e+09
Row   326  2.9330220e+09  2.9330220e+09
Row   327  2.9420190e+09  2.9420190e+09
Row   328  2.9510160e+09  2.9510160e+09
Row   329  2.9600130e+09  2.9600130e+09
Row   330  2.9690100e+09  2.9690100e+09
Row   331  2.9780070e+09  2.9780070e+09
Row   332  2.9870040e+09  2.9870040e+09
Row   333  2.9960010e+09  2.9960010e+09
Row   334  3.0049980e+09  3.0049980e+09
Row   335  3.0139950e+09  3.0139950e+09
Row   336  3.0229920e+09  3.0229920e+09
Row   337  3.0319890e+09  3.0319890e+09
Row   338  3.0409860e+09  3.0409860e+09
Row   339  3.0499830e+09  3.0499830e+09
Row   340  3.0589800e+09  3.0589800e+09
Row   341  3.0679770e+09  3.0679770e+09
Row   342  3.0769740e+09  3.0769740e+09
Row   343  3.0859710e+09  3.0859710e+09
Row   344  3.0949680e+09  3.0949680e+09
Row   345  3.1039650e+09  3.1039650e+09
Row   346  3.1129620e+09  3.1129620e+09
Row   347  3.1219590e+09  3.1219590e+09
Row   348  3.1309560e+09  3.1309560e+09
Row   349  3.1399530e+09  3.1399530e+09
Row   350  3.1489500e+09  3.1489500e+09
Row   351  3.1579470e+09  3.1579470e+09
Row   352  3.1669440e+09  3.1669440e+09
Row   353  3.1759410e+09  3.1759410e+09
Row   354  3.1849380e+09  3.1849380e+09
Row   355  3.1939350e+09  3.1939350e+09
Row   356  3.2029320e+09  3.2029320e+09
Row   357  3.2119290e+09  3.2119290e+09
Row   358  3.2209260e+09  3.2209260e+09
Row   359  3.2299230e+09  3.2299230e+09
Row   360  3.2389200e+09  3.2389200e+09
Row   361  3.2479170e+09  3.2479170e+09
Row   362  3.2569140e+09  3.2569140e+09
Row   363  3.2659110e+09  3.2659110e+09
Row   364  3.2749080e+09  3.2749080e+09
Row   365  3.2839050e+09  3.2839050e+09
Row   366  3.2929020e+09  3.2929020e+09
Row   367  3.3018990e+09  3.3018990e+09
Row   368  3.3108960e+09  3.3108960e+09
Row   369  3.3198930e+09  3.3198930e+09
Row   370  3.3288900e+09  3.3288900e+09
Row   371  3.3378870e+09  3.3378870e+09
Row   372  3.3468840e+09  3.3468840e+09
Row   373  3.3558810e+09  3.3558810e+09
Row   374  3.3648780e+09  3.3648780e+09
Row   375  3.3738750e+09  3.3738750e+09
Row   376  3.3828720e+09  3.3828720e+09
Row   377  3.3918690e+09  3.3918690e+09
Row   378  3.4008660e+09  3.4008660e+09
Row   379  3.4098630e+09  3.4098630e+09
Row   380  3.4188600e+09  3.4188600e+09
Row   381  3.4278570e+09  3.4278570e+09
Row   382  3.4368540e+09  3.4368540e+09
Row   383  3.4458510e+09  3.4458510e+09
Row   384  3.4548480e+09  3.4548480e+09
Row   385  3.4638450e+09  3.4638450e+09
Row   386  3.4728420e+09  3.4728420e+09
Row   387  3.4818390e+09  3.4818390e+09
Row   388  3.4908360e+09  3.4908360e+09
Row   389  3.4998330e+09  3.4998330e+09
Row   390  3.5088300e+09  3.5088300e+09
Row   391  3.5178270e+09  3.5178270e+09
Row   392  3.5268240e+09  3.5268240e+09
Row   393  3.5358210e+09  3.5358210e+09
Row   394  3.5448180e+09  3.5448180e+09
Row   395  3.5538150e+09  3.5538150e+09
Row   396  3.5628120e+09  3.5628120e+09
Row   397  3.5718090e+09  3.5718090e+09
Row   398  3.5808060e+09  3.5808060e+09
Row   399  3.5898030e+09  3.5898030e+09
Row   400  3.5988000e+09  3.5988000e+09
Row   401  3.6077970e+09  3.6077970e+09
Row   402  3.6167940e+09  3.6167940e+09
Row   403  3.6257910e+09  3.6257910e+09
Row   404  3.6347880e+09  3.6347880e+09
Row   405  3.6437850e+09  3.6437850e+09
Row   406  3.6527820e+09  3.6527820e+09
Row   407  3.6617790e+09  3.6617790e+09
Row   408  3.6707760e+09  3.6707760e+09
Row   409  3.6797730e+09  3.6797730e+09
Row   410  3.6887700e+09  3.6887700e+09
Row   411  3.6977670e+09  3.6977670e+09
Row   412  3.7067640e+09  3.7067640e+09
Row   413  3.7157610e+09  3.7157610e+09
Row   414  3.7247580e+09  3.7247580e+09
Row   415  3.7337550e+09  3.7337550e+09
Row   416  3.7427520e+09  3.7427520e+09
Row   417  3.7517490e+09  3.7517490e+09
Row   418  3.7607460e+09  3.7607460e+09
Row   419  3.7697430e+09  3.7697430e+09
Row   420  3.7787400e+09  3.7787400e+09
Row   421  3.7877370e+09  3.7877370e+09
Row   422  3.7967340e+09  3.7967340e+09
Row   423  3.8057310e+09  3.8057310e+09
Row   424  3.8147280e+09  3.8147280e+09
Row   425  3.8237250e+09  3.8237250e+09
Row   426  3.8327220e+09  3.8327220e+09
Row   427  3.8417190e+09  3.8417190e+09
Row   428  3.8507160e+09  3.8507160e+09
Row   429  3.8597130e+09  3.8597130e+09
Row   430  3.8687100e+09  3.8687100e+09
Row   431  3.8777070e+09  3.8777070e+09
Row   432  3.8867040e+09  3.8867040e+09
Row   433  3.8957010e+09  3.8957010e+09
Row   434  3.9046980e+09  3.9046980e+09
Row   435  3.9136950e+09  3.9136950e+09
Row   436  3.9226920e+09  3.9226920e+09
Row   437  3.9316890e+09  3.9316890e+09
Row   438  3.9406860e+09  3.9406860e+09
Row   439  3.9496830e+09  3.9496830e+09
Row   440  3.9586800e+09  3.9586800e+09
Row   441  3.9676770e+09  3.9676770e+09
Row   442  3.9766740e+09  3.9766740e+09
Row   443  3.9856710e+09  3.9856710e+09
Row   444  3.9946680e+09  3.9946680e+09
Row   445  4.0036650e+09  4.0036650e+09
Row   446  4.0126620e+09  4.0126620e+09
Row   447  4.0216590e+09  4.0216590e+09
Row   448  4.0306560e+09  4.0306560e+09
Row   449  4.0396530e+09  4.0396530e+09
Row   450  4.0486500e+09  4.0486500e+09
Row   451  4.0576470e+09  4.0576470e+09
Row   452  4.0666440e+09  4.0666440e+09
Row   453  4.0756410e+09  4.0756410e+09
Row   454  4.0846380e+09  4.0846380e+09
Row   455  4.0936350e+09  4.0936350e+09
Row   456  4.1026320e+09  4.1026320e+09
Row   457  4.1116290e+09  4.1116290e+09
Row   458  4.1206260e+09  4.1206260e+09
Row   459  4.1296230e+09  4.1296230e+09
Row   460  4.1386200e+09  4.1386200e+09
Row   461  4.1476170e+09  4.1476170e+09
Row   462  4.1566140e+09  4.1566140e+09
Row   463  4.1656110e+09  4.1656110e+09
Row   464  4.1746080e+09  4.1746080e+09
Row   465  4.1836050e+09  4.1836050e+09
Row   466  4.1926020e+09  4.1926020e+09
Row   467  4.2015990e+09  4.2015990e+09
Row   468  4.2105960e+09  4.2105960e+09
Row   469  4.2195930e+09  4.2195930e+09
Row   470  4.2285900e+09  4.2285900e+09
Row   471  4.2375870e+09  4.2375870e+09
Row   472  4.2465840e+09  4.2465840e+09
Row   473  4.2555810e+09  4.2555810e+09
Row   474  4.2645780e+09  4.2645780e+09
Row   475  4.2735750e+09  4.2735750e+09
Row   476  4.2825720e+09  4.2825720e+09
Row   477  4.2915690e+09  4.2915690e+09
Row   478  4.3005660e+09  4.3005660e+09
Row   479  4.3095630e+09  4.3095630e+09
Row   480  4.3185600e+09  4.3185600e+09
Row   481  4.3275570e+09  4.3275570e+09
Row   482  4.3365540e+09  4.3365540e+09
Row   483  4.3455510e+09  4.3455510e+09
Row   484  4.3545480e+09  4.3545480e+09
Row   485  4.3635450e+09  4.3635450e+09
Row   486  4.3725420e+09  4.3725420e+09
Row   487  4.3815390e+09  4.3815390e+09
Row   488  4.3905360e+09  4.3905360e+09
Row   489  4.3995330e+09  4.3995330e+09
Row   490  4.4085300e+09  4.4085300e+09
Row   491  4.4175270e+09  4.4175270e+09
Row   492  4.4265240e+09  4.4265240e+09
Row   493  4.4355210e+09  4.4355210e+09
Row   494  4.4445180e+09  4.4445180e+09
Row   495  4.4535150e+09  4.4535150e+09
Row   496  4.4625120e+09  4.4625120e+09
Row   497  4.4715090e+09  4.4715090e+09
Row   498  4.4805060e+09  4.4805060e+09
Row   499  4.4895030e+09  4.4895030e+09
Row   500  4.4985000e+09  4.4985000e+09
Row   501  4.5074970e+09  4.5074970e+09
Row   502  4.5164940e+09  4.5164940e+09
Row   503  4.5254910e+09  4.5254910e+09
Row   504  4.5344880e+09  4.5344880e+09
Row   505  4.5434850e+09  4.5434850e+09
Row   506  4.5524820e+09  4.5524820e+09
Row   507  4.5614790e+09  4.5614790e+09
Row   508  4.5704760e+09  4.5704760e+09
Row   509  4.5794730e+09  4.5794730e+09
Row   510  4.5884700e+09  4.5884700e+09
Row   511  4.5974670e+09  4.5974670e+09
Row   512  4.6064640e+09  4.6064640e+09
Row   513  4.6154610e+09  4.6154610e+09
Row   514  4.6244580e+09  4.6244580e+09
Row   515  4.6334550e+09  4.6334550e+09
Row   516  4.6424520e+09  4.6424520e+09
Row   517  4.6514490e+09  4.6514490e+09
Row   518  4.6604460e+09  4.6604460e+09
Row   519  4.6694430e+09  4.6694430e+09
Row   520  4.6784400e+09  4.6784400e+09
Row   521  4.6874370e+09  4.6874370e+09
Row   522  4.6964340e+09  4.6964340e+09
Row   523  4.7054310e+09  4.7054310e+09
Row   524  4.7144280e+09  4.7144280e+09
Row   525  4.7234250e+09  4.7234250e+09
Row   526  4.7324220e+09  4.7324220e+09
Row   527  4.7414190e+09  4.7414190e+09
Row   528  4.7504160e+09  4.7504160e+09
Row   529  4.7594130e+09  4.7594130e+09
Row   530  4.7684100e+09  4.7684100e+09
Row   531  4.7774070e+09  4.7774070e+09
Row   532  4.7864040e+09  4.7864040e+09
Row   533  4.7954010e+09  4.7954010e+09
Row   534  4.8043980e+09  4.8043980e+09
Row   535  4.8133950e+09  4.8133950e+09
Row   536  4.8223920e+09  4.8223920e+09
Row   537  4.8313890e+09  4.8313890e+09
Row   538  4.8403860e+09  4.8403860e+09
Row   539  4.8493830e+09  4.8493830e+09
Row   540  4.8583800e+09  4.8583800e+09
Row   541  4.8673770e+09  4.8673770e+09
Row   542  4.8763740e+09  4.8763740e+09
Row   543  4.8853710e+09  4.8853710e+09
Row   544  4.8943680e+09  4.8943680e+09
Row   545  4.9033650e+09  4.9033650e+09
Row   546  4.9123620e+09  4.9123620e+09
Row   547  4.9213590e+09  4.9213590e+09
Row   548  4.9303560e+09  4.9303560e+09
Row   549  4.9393530e+09  4.9393530e+09
Row   550  4.9483500e+09  4.9483500e+09
Row   551  4.9573470e+09  4.9573470e+09
Row   552  4.9663440e+09  4.9663440e+09
Row   553  4.9753410e+09  4.9753410e+09
Row   554  4.9843380e+09  4.9843380e+09
Row   555  4.9933350e+09  4.9933350e+09
Row   556  5.0023320e+09  5.0023320e+09
Row   557  5.0113290e+09  5.0113290e+09
Row   558  5.0203260e+09  5.0203260e+09
Row   559  5.0293230e+09  5.0293230e+09
Row   560  5.0383200e+09  5.0383200e+09
Row   561  5.0473170e+09  5.0473170e+09
Row   562  5.0563140e+09  5.0563140e+09
Row   563  5.0653110e+09  5.0653110e+09
Row   564  5.0743080e+09  5.0743080e+09
Row   565  5.0833050e+09  5.0833050e+09
Row   566  5.0923020e+09  5.0923020e+09
Row   567  5.1012990e+09  5.1012990e+09
Row   568  5.1102960e+09  5.1102960e+09
Row   569  5.1192930e+09  5.1192930e+09
Row   570  5.1282900e+09  5.1282900e+09
Row   571  5.1372870e+09  5.1372870e+09
Row   572  5.1462840e+09  5.1462840e+09
Row   573  5.1552810e+09  5.1552810e+09
Row   574  5.1642780e+09  5.1642780e+09
Row   575  5.1732750e+09  5.1732750e+09
Row   576  5.1822720e+09  5.1822720e+09
Row   577  5.1912690e+09  5.1912690e+09
Row   578  5.2002660e+09  5.2002660e+09
Row   579  5.2092630e+09  5.2092630e+09
Row   580  5.2182600e+09  5.2182600e+09
Row   581  5.2272570e+09  5.2272570e+09
Row   582  5.2362540e+09  5.2362540e+09
Row   583  5.2452510e+09  5.2452510e+09
Row   584  5.2542480e+09  5.2542480e+09
Row   585  5.2632450e+09  5.2632450e+09
Row   586  5.2722420e+09  5.2722420e+09
Row   587  5.2812390e+09  5.2812390e+09
Row   588  5.2902360e+09  5.2902360e+09
Row   589  5.2992330e+09  5.2992330e+09
Row   590  5.3082300e+09  5.3082300e+09
Row   591  5.3172270e+09  5.3172270e+09
Row   592  5.3262240e+09  5.3262240e+09
Row   593  5.3352210e+09  5.3352210e+09
Row   594  5.3442180e+09  5.3442180e+09
Row   595  5.3532150e+09  5.3532150e+09
Row   596  5.3622120e+09  5.3622120e+09
Row   597  5.3712090e+09  5.3712090e+09
Row   598  5.3802060e+09  5.3802060e+09
Row   599  5.3892030e+09  5.3892030e+09
Row   600  5.3982000e+09  5.3982000e+09
Row   601  5.4071970e+09  5.4071970e+09
Row   602  5.4161940e+09  5.4161940e+09
Row   603  5.4251910e+09  5.4251910e+09
Row   604  5.4341880e+09  5.4341880e+09
Row   605  5.4431850e+09  5.4431850e+09
Row   606  5.4521820e+09  5.4521820e+09
Row   607  5.4611790e+09  5.4611790e+09
Row   608  5.4701760e+09  5.4701760e+09
Row   609  5.4791730e+09  5.4791730e+09
Row   610  5.4881700e+09  5.4881700e+09
Row   611  5.4971670e+09  5.4971670e+09
Row   612  5.5061640e+09  5.5061640e+09
Row   613  5.5151610e+09  5.5151610e+09
Row   614  5.5241580e+09  5.5241580e+09
Row   615  5.5331550e+09  5.5331550e+09
Row   616  5.5421520e+09  5.5421520e+09
Row   617  5.5511490e+09  5.5511490e+09
Row   618  5.5601460e+09  5.5601460e+09
Row   619  5.5691430e+09  5.5691430e+09
Row   620  5.5781400e+09  5.5781400e+09
Row   621  5.5871370e+09  5.5871370e+09
Row   622  5.5961340e+09  5.5961340e+09
Row   623  5.6051310e+09  5.6051310e+09
Row   624  5.6141280e+09  5.6141280e+09
Row   625  5.6231250e+09  5.6231250e+09
Row   626  5.6321220e+09  5.6321220e+09
Row   627  5.6411190e+09  5.6411190e+09
Row   628  5.6501160e+09  5.6501160e+09
Row   629  5.6591130e+09  5.6591130e+09
Row   630  5.6681100e+09  5.6681100e+09
Row   631  5.6771070e+09  5.6771070e+09
Row   632  5.6861040e+09  5.6861040e+09
Row   633  5.6951010e+09  5.6951010e+09
Row   634  5.7040980e+09  5.7040980e+09
Row   635  5.7130950e+09  5.7130950e+09
Row   636  5.7220920e+09  5.7220920e+09
Row   637  5.7310890e+09  5.7310890e+09
Row   638  5.7400860e+09  5.7400860e+09
Row   639  5.7490830e+09  5.7490830e+09
Row   640  5.7580800e+09  5.7580800e+09
Row   641  5.7670770e+09  5.7670770e+09
Row   642  5.7760740e+09  5.7760740e+09
Row   643  5.7850710e+09  5.7850710e+09
Row   644  5.7940680e+09  5.7940680e+09
Row   645  5.8030650e+09  5.8030650e+09
Row   646  5.8120620e+09  5.8120620e+09
Row   647  5.8210590e+09  5.8210590e+09
Row   648  5.8300560e+09  5.8300560e+09
Row   649  5.8390530e+09  5.8390530e+09
Row   650  5.8480500e+09  5.8480500e+09
Row   651  5.8570470e+09  5.8570470e+09
Row   652  5.8660440e+09  5.8660440e+09
Row   653  5.8750410e+09  5.8750410e+09
Row   654  5.8840380e+09  5.8840380e+09
Row   655  5.8930350e+09  5.8930350e+09
Row   656  5.9020320e+09  5.9020320e+09
Row   657  5.9110290e+09  5.9110290e+09
Row   658  5.9200260e+09  5.9200260e+09
Row   659  5.9290230e+09  5.9290230e+09
Row   660  5.9380200e+09  5.9380200e+09
Row   661  5.9470170e+09  5.9470170e+09
Row   662  5.9560140e+09  5.9560140e+09
Row   663  5.9650110e+09  5.9650110e+09
Row   664  5.9740080e+09  5.9740080e+09
Row   665  5.9830050e+09  5.9830050e+09
Row   666  5.9920020e+09  5.9920020e+09
Row   667  6.0009990e+09  6.0009990e+09
Row   668  6.0099960e+09  6.0099960e+09
Row   669  6.0189930e+09  6.0189930e+09
Row   670  6.0279900e+09  6.0279900e+09
Row   671  6.0369870e+09  6.0369870e+09
Row   672  6.0459840e+09  6.0459840e+09
Row   673  6.0549810e+09  6.0549810e+09
Row   674  6.0639780e+09  6.0639780e+09
Row   675  6.0729750e+09  6.0729750e+09
Row   676  6.0819720e+09  6.0819720e+09
Row   677  6.0909690e+09  6.0909690e+09
Row   678  6.0999660e+09  6.0999660e+09
Row   679  6.1089630e+09  6.1089630e+09
Row   680  6.1179600e+09  6.1179600e+09
Row   681  6.1269570e+09  6.1269570e+09
Row   682  6.1359540e+09  6.1359540e+09
Row   683  6.1449510e+09  6.1449510e+09
Row   684  6.1539480e+09  6.1539480e+09
Row   685  6.1629450e+09  6.1629450e+09
Row   686  6.1719420e+09  6.1719420e+09
Row   687  6.1809390e+09  6.1809390e+09
Row   688  6.1899360e+09  6.1899360e+09
Row   689  6.1989330e+09  6.1989330e+09
Row   690  6.2079300e+09  6.2079300e+09
Row   691  6.2169270e+09  6.2169270e+09
Row   692  6.2259240e+09  6.2259240e+09
Row   693  6.2349210e+09  6.2349210e+09
Row   694  6.2439180e+09  6.2439180e+09
Row   695  6.2529150e+09  6.2529150e+09
Row   696  6.2619120e+09  6.2619120e+09
Row   697  6.2709090e+09  6.2709090e+09
Row   698  6.2799060e+09  6.2799060e+09
Row   699  6.2889030e+09  6.2889030e+09
Row   700  6.2979000e+09  6.2979000e+09
Row   701  6.3068970e+09  6.3068970e+09
Row   702  6.3158940e+09  6.3158940e+09
Row   703  6.3248910e+09  6.3248910e+09
Row   704  6.3338880e+09  6.3338880e+09
Row   705  6.3428850e+09  6.3428850e+09
Row   706  6.3518820e+09  6.3518820e+09
Row   707  6.3608790e+09  6.3608790e+09
Row   708  6.3698760e+09  6.3698760e+09
Row   709  6.3788730e+09  6.3788730e+09
Row   710  6.3878700e+09  6.3878700e+09
Row   711  6.3968670e+09  6.3968670e+09
Row   712  6.4058640e+09  6.4058640e+09
Row   713  6.4148610e+09  6.4148610e+09
Row   714  6.4238580e+09  6.4238580e+09
Row   715  6.4328550e+09  6.4328550e+09
Row   716  6.4418520e+09  6.4418520e+09
Row   717  6.4508490e+09  6.4508490e+09
Row   718  6.4598460e+09  6.4598460e+09
Row   719  6.4688430e+09  6.4688430e+09
Row   720  6.4778400e+09  6.4778400e+09
Row   721  6.4868370e+09  6.4868370e+09
Row   722  6.4958340e+09  6.4958340e+09
Row   723  6.5048310e+09  6.5048310e+09
Row   724  6.5138280e+09  6.5138280e+09
Row   725  6.5228250e+09  6.5228250e+09
Row   726  6.5318220e+09  6.5318220e+09
Row   727  6.5408190e+09  6.5408190e+09
Row   728  6.5498160e+09  6.5498160e+09
Row   729  6.5588130e+09  6.5588130e+09
Row   730  6.5678100e+09  6.5678100e+09
Row   731  6.5768070e+09  6.5768070e+09
Row   732  6.5858040e+09  6.5858040e+09
Row   733  6.5948010e+09  6.5948010e+09
Row   734  6.6037980e+09  6.6037980e+09
Row   735  6.6127950e+09  6.6127950e+09
Row   736  6.6217920e+09  6.6217920e+09
Row   737  6.6307890e+09  6.6307890e+09
Row   738  6.6397860e+09  6.6397860e+09
Row   739  6.6487830e+09  6.6487830e+09
Row   740  6.6577800e+09  6.6577800e+09
Row   741  6.6667770e+09  6.6667770e+09
Row   742  6.6757740e+09  6.6757740e+09
Row   743  6.6847710e+09  6.6847710e+09
Row   744  6.6937680e+09  6.6937680e+09
Row   745  6.7027650e+09  6.7027650e+09
Row   746  6.7117620e+09  6.7117620e+09
Row   747  6.7207590e+09  6.7207590e+09
Row   748  6.7297560e+09  6.7297560e+09
Row   749  6.7387530e+09  6.7387530e+09
Row   750  6.7477500e+09  6.7477500e+09
Row   751  6.7567470e+09  6.7567470e+09
Row   752  6.7657440e+09  6.7657440e+09
Row   753  6.7747410e+09  6.7747410e+09
Row   754  6.7837380e+09  6.7837380e+09
Row   755  6.7927350e+09  6.7927350e+09
Row   756  6.8017320e+09  6.8017320e+09
Row   757  6.8107290e+09  6.8107290e+09
Row   758  6.8197260e+09  6.8197260e+09
Row   759  6.8287230e+09  6.8287230e+09
Row   760  6.8377200e+09  6.8377200e+09
Row   761  6.8467170e+09  6.8467170e+09
Row   762  6.8557140e+09  6.8557140e+09
Row   763  6.8647110e+09  6.8647110e+09
Row   764  6.8737080e+09  6.8737080e+09
Row   765  6.8827050e+09  6.8827050e+09
Row   766  6.8917020e+09  6.8917020e+09
Row   767  6.9006990e+09  6.9006990e+09
Row   768  6.9096960e+09  6.9096960e+09
Row   769  6.9186930e+09  6.9186930e+09
Row   770  6.9276900e+09  6.9276900e+09
Row   771  6.9366870e+09  6.9366870e+09
Row   772  6.9456840e+09  6.9456840e+09
Row   773  6.9546810e+09  6.9546810e+09
Row   774  6.9636780e+09  6.9636780e+09
Row   775  6.9726750e+09  6.9726750e+09
Row   776  6.9816720e+09  6.9816720e+09
Row   777  6.9906690e+09  6.9906690e+09
Row   778  6.9996660e+09  6.9996660e+09
Row   779  7.0086630e+09  7.0086630e+09
Row   780  7.0176600e+09  7.0176600e+09
Row   781  7.0266570e+09  7.0266570e+09
Row   782  7.0356540e+09  7.0356540e+09
Row   783  7.0446510e+09  7.0446510e+09
Row   784  7.0536480e+09  7.0536480e+09
Row   785  7.0626450e+09  7.0626450e+09
Row   786  7.0716420e+09  7.0716420e+09
Row   787  7.0806390e+09  7.0806390e+09
Row   788  7.0896360e+09  7.0896360e+09
Row   789  7.0986330e+09  7.0986330e+09
Row   790  7.1076300e+09  7.1076300e+09
Row   791  7.1166270e+09  7.1166270e+09
Row   792  7.1256240e+09  7.1256240e+09
Row   793  7.1346210e+09  7.1346210e+09
Row   794  7.1436180e+09  7.1436180e+09
Row   795  7.1526150e+09  7.1526150e+09
Row   796  7.1616120e+09  7.1616120e+09
Row   797  7.1706090e+09  7.1706090e+09
Row   798  7.1796060e+09  7.1796060e+09
Row   799  7.1886030e+09  7.1886030e+09
Row   800  7.1976000e+09  7.1976000e+09
Row   801  7.2065970e+09  7.2065970e+09
Row   802  7.2155940e+09  7.2155940e+09
Row   803  7.2245910e+09  7.2245910e+09
Row   804  7.2335880e+09  7.2335880e+09
Row   805  7.2425850e+09  7.2425850e+09
Row   806  7.2515820e+09  7.2515820e+09
Row   807  7.2605790e+09  7.2605790e+09
Row   808  7.2695760e+09  7.2695760e+09
Row   809  7.2785730e+09  7.2785730e+09
Row   810  7.2875700e+09  7.2875700e+09
Row   811  7.2965670e+09  7.2965670e+09
Row   812  7.3055640e+09  7.3055640e+09
Row   813  7.3145610e+09  7.3145610e+09
Row   814  7.3235580e+09  7.3235580e+09
Row   815  7.3325550e+09  7.3325550e+09
Row   816  7.3415520e+09  7.3415520e+09
Row   817  7.3505490e+09  7.3505490e+09
Row   818  7.3595460e+09  7.3595460e+09
Row   819  7.3685430e+09  7.3685430e+09
Row   820  7.3775400e+09  7.3775400e+09
Row   821  7.3865370e+09  7.3865370e+09
Row   822  7.3955340e+09  7.3955340e+09
Row   823  7.4045310e+09  7.4045310e+09
Row   824  7.4135280e+09  7.4135280e+09
Row   825  7.4225250e+09  7.4225250e+09
Row   826  7.4315220e+09  7.4315220e+09
Row   827  7.4405190e+09  7.4405190e+09
Row   828  7.4495160e+09  7.4495160e+09
Row   829  7.4585130e+09  7.4585130e+09
Row   830  7.4675100e+09  7.4675100e+09
Row   831  7.4765070e+09  7.4765070e+09
Row   832  7.4855040e+09  7.4855040e+09
Row   833  7.4945010e+09  7.4945010e+09
Row   834  7.5034980e+09  7.5034980e+09
Row   835  7.5124950e+09  7.5124950e+09
Row   836  7.5214920e+09  7.5214920e+09
Row   837  7.5304890e+09  7.5304890e+09
Row   838  7.5394860e+09  7.5394860e+09
Row   839  7.5484830e+09  7.5484830e+09
Row   840  7.5574800e+09  7.5574800e+09
Row   841  7.5664770e+09  7.5664770e+09
Row   842  7.5754740e+09  7.5754740e+09
Row   843  7.5844710e+09  7.5844710e+09
Row   844  7.5934680e+09  7.5934680e+09
Row   845  7.6024650e+09  7.6024650e+09
Row   846  7.6114620e+09  7.6114620e+09
Row   847  7.6204590e+09  7.6204590e+09
Row   848  7.6294560e+09  7.6294560e+09
Row   849  7.6384530e+09  7.6384530e+09
Row   850  7.6474500e+09  7.6474500e+09
Row   851  7.6564470e+09  7.6564470e+09
Row   852  7.6654440e+09  7.6654440e+09
Row   853  7.6744410e+09  7.6744410e+09
Row   854  7.6834380e+09  7.6834380e+09
Row   855  7.6924350e+09  7.6924350e+09
Row   856  7.7014320e+09  7.7014320e+09
Row   857  7.7104290e+09  7.7104290e+09
Row   858  7.7194260e+09  7.7194260e+09
Row   859  7.7284230e+09  7.7284230e+09
Row   860  7.7374200e+09  7.7374200e+09
Row   861  7.7464170e+09  7.7464170e+09
Row   862  7.7554140e+09  7.7554140e+09
Row   863  7.7644110e+09  7.7644110e+09
Row   864  7.7734080e+09  7.7734080e+09
Row   865  7.7824050e+09  7.7824050e+09
Row   866  7.7914020e+09  7.7914020e+09
Row   867  7.8003990e+09  7.8003990e+09
Row   868  7.8093960e+09  7.8093960e+09
Row   869  7.8183930e+09  7.8183930e+09
Row   870  7.8273900e+09  7.8273900e+09
Row   871  7.8363870e+09  7.8363870e+09
Row   872  7.8453840e+09  7.8453840e+09
Row   873  7.8543810e+09  7.8543810e+09
Row   874  7.8633780e+09  7.8633780e+09
Row   875  7.8723750e+09  7.8723750e+09
Row   876  7.8813720e+09  7.8813720e+09
Row   877  7.8903690e+09  7.8903690e+09
Row   878  7.8993660e+09  7.8993660e+09
Row   879  7.9083630e+09  7.9083630e+09
Row   880  7.9173600e+09  7.9173600e+09
Row   881  7.9263570e+09  7.9263570e+09
Row   882  7.9353540e+09  7.9353540e+09
Row   883  7.9443510e+09  7.9443510e+09
Row   884  7.9533480e+09  7.9533480e+09
Row   885  7.9623450e+09  7.9623450e+09
Row   886  7.9713420e+09  7.9713420e+09
Row   887  7.9803390e+09  7.9803390e+09
Row   888  7.9893360e+09  7.9893360e+09
Row   889  7.9983330e+09  7.9983330e+09
Row   890  8.0073300e+09  8.0073300e+09
Row   891  8.0163270e+09  8.0163270e+09
Row   892  8.0253240e+09  8.0253240e+09
Row   893  8.0343210e+09  8.0343210e+09
Row   894  8.0433180e+09  8.0433180e+09
Row   895  8.0523150e+09  8.0523150e+09
Row   896  8.0613120e+09  8.0613120e+09
Row   897  8.0703090e+09  8.0703090e+09
Row   898  8.0793060e+09  8.0793060e+09
Row   899  8.0883030e+09  8.0883030e+09
Row   900  8.0973000e+09  8.0973000e+09
Row   901  8.1062970e+09  8.1062970e+09
Row   902  8.1152940e+09  8.1152940e+09
Row   903  8.1242910e+09  8.1242910e+09
Row   904  8.1332880e+09  8.1332880e+09
Row   905  8.1422850e+09  8.1422850e+09
Row   906  8.1512820e+09  8.1512820e+09
Row   907  8.1602790e+09  8.1602790e+09
Row   908  8.1692760e+09  8.1692760e+09
Row   909  8.1782730e+09  8.1782730e+09
Row   910  8.1872700e+09  8.1872700e+09
Row   911  8.1962670e+09  8.1962670e+09
Row   912  8.2052640e+09  8.2052640e+09
Row   913  8.2142610e+09  8.2142610e+09
Row   914  8.2232580e+09  8.2232580e+09
Row   915  8.2322550e+09  8.2322550e+09
Row   916  8.2412520e+09  8.2412520e+09
Row   917  8.2502490e+09  8.2502490e+09
Row   918  8.2592460e+09  8.2592460e+09
Row   919  8.2682430e+09  8.2682430e+09
Row   920  8.2772400e+09  8.2772400e+09
Row   921  8.2862370e+09  8.2862370e+09
Row   922  8.2952340e+09  8.2952340e+09
Row   923  8.3042310e+09  8.3042310e+09
Row   924  8.3132280e+09  8.3132280e+09
Row   925  8.3222250e+09  8.3222250e+09
Row   926  8.3312220e+09  8.3312220e+09
Row   927  8.3402190e+09  8.3402190e+09
Row   928  8.3492160e+09  8.3492160e+09
Row   929  8.3582130e+09  8.3582130e+09
Row   930  8.3672100e+09  8.3672100e+09
Row   931  8.3762070e+09  8.3762070e+09
Row   932  8.3852040e+09  8.3852040e+09
Row   933  8.3942010e+09  8.3942010e+09
Row   934  8.4031980e+09  8.4031980e+09
Row   935  8.4121950e+09  8.4121950e+09
Row   936  8.4211920e+09  8.4211920e+09
Row   937  8.4301890e+09  8.4301890e+09
Row   938  8.4391860e+09  8.4391860e+09
Row   939  8.4481830e+09  8.4481830e+09
Row   940  8.4571800e+09  8.4571800e+09
Row   941  8.4661770e+09  8.4661770e+09
Row   942  8.4751740e+09  8.4751740e+09
Row   943  8.4841710e+09  8.4841710e+09
Row   944  8.4931680e+09  8.4931680e+09
Row   945  8.5021650e+09  8.5021650e+09
Row   946  8.5111620e+09  8.5111620e+09
Row   947  8.5201590e+09  8.5201590e+09
Row   948  8.5291560e+09  8.5291560e+09
Row   949  8.5381530e+09  8.5381530e+09
Row   950  8.5471500e+09  8.5471500e+09
Row   951  8.5561470e+09  8.5561470e+09
Row   952  8.5651440e+09  8.5651440e+09
Row   953  8.5741410e+09  8.5741410e+09
Row   954  8.5831380e+09  8.5831380e+09
Row   955  8.5921350e+09  8.5921350e+09
Row   956  8.6011320e+09  8.6011320e+09
Row   957  8.6101290e+09  8.6101290e+09
Row   958  8.6191260e+09  8.6191260e+09
Row   959  8.6281230e+09  8.6281230e+09
Row   960  8.6371200e+09  8.6371200e+09
Row   961  8.6461170e+09  8.6461170e+09
Row   962  8.6551140e+09  8.6551140e+09
Row   963  8.6641110e+09  8.6641110e+09
Row   964  8.6731080e+09  8.6731080e+09
Row   965  8.6821050e+09  8.6821050e+09
Row   966  8.6911020e+09  8.6911020e+09
Row   967  8.7000990e+09  8.7000990e+09
Row   968  8.7090960e+09  8.7090960e+09
Row   969  8.7180930e+09  8.7180930e+09
Row   970  8.7270900e+09  8.7270900e+09
Row   971  8.7360870e+09  8.7360870e+09
Row   972  8.7450840e+09  8.7450840e+09
Row   973  8.7540810e+09  8.7540810e+09
Row   974  8.7630780e+09  8.7630780e+09
Row   975  8.7720750e+09  8.7720750e+09
Row   976  8.7810720e+09  8.7810720e+09
Row   977  8.7900690e+09  8.7900690e+09
Row   978  8.7990660e+09  8.7990660e+09
Row   979  8.8080630e+09  8.8080630e+09
Row   980  8.8170600e+09  8.8170600e+09
Row   981  8.8260570e+09  8.8260570e+09
Row   982  8.8350540e+09  8.8350540e+09
Row   983  8.8440510e+09  8.8440510e+09
Row   984  8.8530480e+09  8.8530480e+09
Row   985  8.8620450e+09  8.8620450e+09
Row   986  8.8710420e+09  8.8710420e+09
Row   987  8.8800390e+09  8.8800390e+09
Row   988  8.8890360e+09  8.8890360e+09
Row   989  8.8980330e+09  8.8980330e+09
Row   990  8.9070300e+09  8.9070300e+09
Row   991  8.9160270e+09  8.9160270e+09
Row   992  8.9250240e+09  8.9250240e+09
Row   993  8.9340210e+09  8.9340210e+09
Row   994  8.9430180e+09  8.9430180e+09
Row   995  8.9520150e+09  8.9520150e+09
Row   996  8.9610120e+09  8.9610120e+09
Row   997  8.9700090e+09  8.9700090e+09
Row   998  8.9790060e+09  8.9790060e+09
Row   999  8.9880030e+09  8.9880030e+09
Row  1000  8.9970000e+09  8.9970000e+09
Row  1001  9.0059970e+09  9.0059970e+09
Row  1002  9.0149940e+09  9.0149940e+09
Row  1003  9.0239910e+09  9.0239910e+09
Row  1004  9.0329880e+09  9.0329880e+09
Row  1005  9.0419850e+09  9.0419850e+09
Row  1006  9.0509820e+09  9.0509820e+09
Row  1007  9.0599790e+09  9.0599790e+09
Row  1008  9.0689760e+09  9.0689760e+09
Row  1009  9.0779730e+09  9.0779730e+09
Row  1010  9.0869700e+09  9.0869700e+09
Row  1011  9.0959670e+09  9.0959670e+09
Row  1012  9.1049640e+09  9.1049640e+09
Row  1013  9.1139610e+09  9.1139610e+09
Row  1014  9.1229580e+09  9.1229580e+09
Row  1015  9.1319550e+09  9.1319550e+09
Row  1016  9.1409520e+09  9.1409520e+09
Row  1017  9.1499490e+09  9.1499490e+09
Row  1018  9.1589460e+09  9.1589460e+09
Row  1019  9.1679430e+09  9.1679430e+09
Row  1020  9.1769400e+09  9.1769400e+09
Row  1021  9.1859370e+09  9.1859370e+09
Row  1022  9.1949340e+09  9.1949340e+09
Row  1023  9.2039310e+09  9.2039310e+09
No. rows 1024, and correct rows 1024

ROCPRofiler: 1 contexts collected, output directory /tmp/rpl_data_240809_183404_49398/input_results_240809_183404
File '/mnt/lustre/a2fs-work4/work/ta163/ta163/ta163lr/archer2-gpu-course/section-2.06/my_solution/step2/results.csv' is generating
File '/mnt/lustre/a2fs-work4/work/ta163/ta163/ta163lr/archer2-gpu-course/section-2.06/my_solution/step2/results.stats.csv' is generating
