RPL: on '240809_172058' from '/opt/rocm-5.2.3' in '/mnt/lustre/a2fs-work4/work/ta163/ta163/ta163lr/archer2-gpu-course/section-2.06/my_solution/step1'
RPL: profiling '"./a.out"'
RPL: input file ''
RPL: output dir '/tmp/rpl_data_240809_172058_16291'
RPL: result dir '/tmp/rpl_data_240809_172058_16291/input_results_240809_172058'
ROCProfiler: input from "/tmp/rpl_data_240809_172058_16291/input.xml"
  0 metrics
Device 0 name: 
Maximum number of threads per block: 1024
Results:
Row     0  0.0000000e+00  0.0000000e+00
Row     1  6.5280000e+04  6.5280000e+04
Row     2  1.3056000e+05  1.3056000e+05
Row     3  1.9584000e+05  1.9584000e+05
Row     4  2.6112000e+05  2.6112000e+05
Row     5  3.2640000e+05  3.2640000e+05
Row     6  3.9168000e+05  3.9168000e+05
Row     7  4.5696000e+05  4.5696000e+05
Row     8  5.2224000e+05  5.2224000e+05
Row     9  5.8752000e+05  5.8752000e+05
Row    10  6.5280000e+05  6.5280000e+05
Row    11  7.1808000e+05  7.1808000e+05
Row    12  7.8336000e+05  7.8336000e+05
Row    13  8.4864000e+05  8.4864000e+05
Row    14  9.1392000e+05  9.1392000e+05
Row    15  9.7920000e+05  9.7920000e+05
Row    16  1.0444800e+06  1.0444800e+06
Row    17  1.1097600e+06  1.1097600e+06
Row    18  1.1750400e+06  1.1750400e+06
Row    19  1.2403200e+06  1.2403200e+06
Row    20  1.3056000e+06  1.3056000e+06
Row    21  1.3708800e+06  1.3708800e+06
Row    22  1.4361600e+06  1.4361600e+06
Row    23  1.5014400e+06  1.5014400e+06
Row    24  1.5667200e+06  1.5667200e+06
Row    25  1.6320000e+06  1.6320000e+06
Row    26  1.6972800e+06  1.6972800e+06
Row    27  1.7625600e+06  1.7625600e+06
Row    28  1.8278400e+06  1.8278400e+06
Row    29  1.8931200e+06  1.8931200e+06
Row    30  1.9584000e+06  1.9584000e+06
Row    31  2.0236800e+06  2.0236800e+06
Row    32  2.0889600e+06  2.0889600e+06
Row    33  2.1542400e+06  2.1542400e+06
Row    34  2.2195200e+06  2.2195200e+06
Row    35  2.2848000e+06  2.2848000e+06
Row    36  2.3500800e+06  2.3500800e+06
Row    37  2.4153600e+06  2.4153600e+06
Row    38  2.4806400e+06  2.4806400e+06
Row    39  2.5459200e+06  2.5459200e+06
Row    40  2.6112000e+06  2.6112000e+06
Row    41  2.6764800e+06  2.6764800e+06
Row    42  2.7417600e+06  2.7417600e+06
Row    43  2.8070400e+06  2.8070400e+06
Row    44  2.8723200e+06  2.8723200e+06
Row    45  2.9376000e+06  2.9376000e+06
Row    46  3.0028800e+06  3.0028800e+06
Row    47  3.0681600e+06  3.0681600e+06
Row    48  3.1334400e+06  3.1334400e+06
Row    49  3.1987200e+06  3.1987200e+06
Row    50  3.2640000e+06  3.2640000e+06
Row    51  3.3292800e+06  3.3292800e+06
Row    52  3.3945600e+06  3.3945600e+06
Row    53  3.4598400e+06  3.4598400e+06
Row    54  3.5251200e+06  3.5251200e+06
Row    55  3.5904000e+06  3.5904000e+06
Row    56  3.6556800e+06  3.6556800e+06
Row    57  3.7209600e+06  3.7209600e+06
Row    58  3.7862400e+06  3.7862400e+06
Row    59  3.8515200e+06  3.8515200e+06
Row    60  3.9168000e+06  3.9168000e+06
Row    61  3.9820800e+06  3.9820800e+06
Row    62  4.0473600e+06  4.0473600e+06
Row    63  4.1126400e+06  4.1126400e+06
Row    64  4.1779200e+06  4.1779200e+06
Row    65  4.2432000e+06  4.2432000e+06
Row    66  4.3084800e+06  4.3084800e+06
Row    67  4.3737600e+06  4.3737600e+06
Row    68  4.4390400e+06  4.4390400e+06
Row    69  4.5043200e+06  4.5043200e+06
Row    70  4.5696000e+06  4.5696000e+06
Row    71  4.6348800e+06  4.6348800e+06
Row    72  4.7001600e+06  4.7001600e+06
Row    73  4.7654400e+06  4.7654400e+06
Row    74  4.8307200e+06  4.8307200e+06
Row    75  4.8960000e+06  4.8960000e+06
Row    76  4.9612800e+06  4.9612800e+06
Row    77  5.0265600e+06  5.0265600e+06
Row    78  5.0918400e+06  5.0918400e+06
Row    79  5.1571200e+06  5.1571200e+06
Row    80  5.2224000e+06  5.2224000e+06
Row    81  5.2876800e+06  5.2876800e+06
Row    82  5.3529600e+06  5.3529600e+06
Row    83  5.4182400e+06  5.4182400e+06
Row    84  5.4835200e+06  5.4835200e+06
Row    85  5.5488000e+06  5.5488000e+06
Row    86  5.6140800e+06  5.6140800e+06
Row    87  5.6793600e+06  5.6793600e+06
Row    88  5.7446400e+06  5.7446400e+06
Row    89  5.8099200e+06  5.8099200e+06
Row    90  5.8752000e+06  5.8752000e+06
Row    91  5.9404800e+06  5.9404800e+06
Row    92  6.0057600e+06  6.0057600e+06
Row    93  6.0710400e+06  6.0710400e+06
Row    94  6.1363200e+06  6.1363200e+06
Row    95  6.2016000e+06  6.2016000e+06
Row    96  6.2668800e+06  6.2668800e+06
Row    97  6.3321600e+06  6.3321600e+06
Row    98  6.3974400e+06  6.3974400e+06
Row    99  6.4627200e+06  6.4627200e+06
Row   100  6.5280000e+06  6.5280000e+06
Row   101  6.5932800e+06  6.5932800e+06
Row   102  6.6585600e+06  6.6585600e+06
Row   103  6.7238400e+06  6.7238400e+06
Row   104  6.7891200e+06  6.7891200e+06
Row   105  6.8544000e+06  6.8544000e+06
Row   106  6.9196800e+06  6.9196800e+06
Row   107  6.9849600e+06  6.9849600e+06
Row   108  7.0502400e+06  7.0502400e+06
Row   109  7.1155200e+06  7.1155200e+06
Row   110  7.1808000e+06  7.1808000e+06
Row   111  7.2460800e+06  7.2460800e+06
Row   112  7.3113600e+06  7.3113600e+06
Row   113  7.3766400e+06  7.3766400e+06
Row   114  7.4419200e+06  7.4419200e+06
Row   115  7.5072000e+06  7.5072000e+06
Row   116  7.5724800e+06  7.5724800e+06
Row   117  7.6377600e+06  7.6377600e+06
Row   118  7.7030400e+06  7.7030400e+06
Row   119  7.7683200e+06  7.7683200e+06
Row   120  7.8336000e+06  7.8336000e+06
Row   121  7.8988800e+06  7.8988800e+06
Row   122  7.9641600e+06  7.9641600e+06
Row   123  8.0294400e+06  8.0294400e+06
Row   124  8.0947200e+06  8.0947200e+06
Row   125  8.1600000e+06  8.1600000e+06
Row   126  8.2252800e+06  8.2252800e+06
Row   127  8.2905600e+06  8.2905600e+06
Row   128  8.3558400e+06  8.3558400e+06
Row   129  8.4211200e+06  8.4211200e+06
Row   130  8.4864000e+06  8.4864000e+06
Row   131  8.5516800e+06  8.5516800e+06
Row   132  8.6169600e+06  8.6169600e+06
Row   133  8.6822400e+06  8.6822400e+06
Row   134  8.7475200e+06  8.7475200e+06
Row   135  8.8128000e+06  8.8128000e+06
Row   136  8.8780800e+06  8.8780800e+06
Row   137  8.9433600e+06  8.9433600e+06
Row   138  9.0086400e+06  9.0086400e+06
Row   139  9.0739200e+06  9.0739200e+06
Row   140  9.1392000e+06  9.1392000e+06
Row   141  9.2044800e+06  9.2044800e+06
Row   142  9.2697600e+06  9.2697600e+06
Row   143  9.3350400e+06  9.3350400e+06
Row   144  9.4003200e+06  9.4003200e+06
Row   145  9.4656000e+06  9.4656000e+06
Row   146  9.5308800e+06  9.5308800e+06
Row   147  9.5961600e+06  9.5961600e+06
Row   148  9.6614400e+06  9.6614400e+06
Row   149  9.7267200e+06  9.7267200e+06
Row   150  9.7920000e+06  9.7920000e+06
Row   151  9.8572800e+06  9.8572800e+06
Row   152  9.9225600e+06  9.9225600e+06
Row   153  9.9878400e+06  9.9878400e+06
Row   154  1.0053120e+07  1.0053120e+07
Row   155  1.0118400e+07  1.0118400e+07
Row   156  1.0183680e+07  1.0183680e+07
Row   157  1.0248960e+07  1.0248960e+07
Row   158  1.0314240e+07  1.0314240e+07
Row   159  1.0379520e+07  1.0379520e+07
Row   160  1.0444800e+07  1.0444800e+07
Row   161  1.0510080e+07  1.0510080e+07
Row   162  1.0575360e+07  1.0575360e+07
Row   163  1.0640640e+07  1.0640640e+07
Row   164  1.0705920e+07  1.0705920e+07
Row   165  1.0771200e+07  1.0771200e+07
Row   166  1.0836480e+07  1.0836480e+07
Row   167  1.0901760e+07  1.0901760e+07
Row   168  1.0967040e+07  1.0967040e+07
Row   169  1.1032320e+07  1.1032320e+07
Row   170  1.1097600e+07  1.1097600e+07
Row   171  1.1162880e+07  1.1162880e+07
Row   172  1.1228160e+07  1.1228160e+07
Row   173  1.1293440e+07  1.1293440e+07
Row   174  1.1358720e+07  1.1358720e+07
Row   175  1.1424000e+07  1.1424000e+07
Row   176  1.1489280e+07  1.1489280e+07
Row   177  1.1554560e+07  1.1554560e+07
Row   178  1.1619840e+07  1.1619840e+07
Row   179  1.1685120e+07  1.1685120e+07
Row   180  1.1750400e+07  1.1750400e+07
Row   181  1.1815680e+07  1.1815680e+07
Row   182  1.1880960e+07  1.1880960e+07
Row   183  1.1946240e+07  1.1946240e+07
Row   184  1.2011520e+07  1.2011520e+07
Row   185  1.2076800e+07  1.2076800e+07
Row   186  1.2142080e+07  1.2142080e+07
Row   187  1.2207360e+07  1.2207360e+07
Row   188  1.2272640e+07  1.2272640e+07
Row   189  1.2337920e+07  1.2337920e+07
Row   190  1.2403200e+07  1.2403200e+07
Row   191  1.2468480e+07  1.2468480e+07
Row   192  1.2533760e+07  1.2533760e+07
Row   193  1.2599040e+07  1.2599040e+07
Row   194  1.2664320e+07  1.2664320e+07
Row   195  1.2729600e+07  1.2729600e+07
Row   196  1.2794880e+07  1.2794880e+07
Row   197  1.2860160e+07  1.2860160e+07
Row   198  1.2925440e+07  1.2925440e+07
Row   199  1.2990720e+07  1.2990720e+07
Row   200  1.3056000e+07  1.3056000e+07
Row   201  1.3121280e+07  1.3121280e+07
Row   202  1.3186560e+07  1.3186560e+07
Row   203  1.3251840e+07  1.3251840e+07
Row   204  1.3317120e+07  1.3317120e+07
Row   205  1.3382400e+07  1.3382400e+07
Row   206  1.3447680e+07  1.3447680e+07
Row   207  1.3512960e+07  1.3512960e+07
Row   208  1.3578240e+07  1.3578240e+07
Row   209  1.3643520e+07  1.3643520e+07
Row   210  1.3708800e+07  1.3708800e+07
Row   211  1.3774080e+07  1.3774080e+07
Row   212  1.3839360e+07  1.3839360e+07
Row   213  1.3904640e+07  1.3904640e+07
Row   214  1.3969920e+07  1.3969920e+07
Row   215  1.4035200e+07  1.4035200e+07
Row   216  1.4100480e+07  1.4100480e+07
Row   217  1.4165760e+07  1.4165760e+07
Row   218  1.4231040e+07  1.4231040e+07
Row   219  1.4296320e+07  1.4296320e+07
Row   220  1.4361600e+07  1.4361600e+07
Row   221  1.4426880e+07  1.4426880e+07
Row   222  1.4492160e+07  1.4492160e+07
Row   223  1.4557440e+07  1.4557440e+07
Row   224  1.4622720e+07  1.4622720e+07
Row   225  1.4688000e+07  1.4688000e+07
Row   226  1.4753280e+07  1.4753280e+07
Row   227  1.4818560e+07  1.4818560e+07
Row   228  1.4883840e+07  1.4883840e+07
Row   229  1.4949120e+07  1.4949120e+07
Row   230  1.5014400e+07  1.5014400e+07
Row   231  1.5079680e+07  1.5079680e+07
Row   232  1.5144960e+07  1.5144960e+07
Row   233  1.5210240e+07  1.5210240e+07
Row   234  1.5275520e+07  1.5275520e+07
Row   235  1.5340800e+07  1.5340800e+07
Row   236  1.5406080e+07  1.5406080e+07
Row   237  1.5471360e+07  1.5471360e+07
Row   238  1.5536640e+07  1.5536640e+07
Row   239  1.5601920e+07  1.5601920e+07
Row   240  1.5667200e+07  1.5667200e+07
Row   241  1.5732480e+07  1.5732480e+07
Row   242  1.5797760e+07  1.5797760e+07
Row   243  1.5863040e+07  1.5863040e+07
Row   244  1.5928320e+07  1.5928320e+07
Row   245  1.5993600e+07  1.5993600e+07
Row   246  1.6058880e+07  1.6058880e+07
Row   247  1.6124160e+07  1.6124160e+07
Row   248  1.6189440e+07  1.6189440e+07
Row   249  1.6254720e+07  1.6254720e+07
Row   250  1.6320000e+07  1.6320000e+07
Row   251  1.6385280e+07  1.6385280e+07
Row   252  1.6450560e+07  1.6450560e+07
Row   253  1.6515840e+07  1.6515840e+07
Row   254  1.6581120e+07  1.6581120e+07
Row   255  1.6646400e+07  1.6646400e+07
Row   256  1.6711680e+07  1.6711680e+07
Row   257  1.6776960e+07  1.6776960e+07
Row   258  1.6842240e+07  1.6842240e+07
Row   259  1.6907520e+07  1.6907520e+07
Row   260  1.6972800e+07  1.6972800e+07
Row   261  1.7038080e+07  1.7038080e+07
Row   262  1.7103360e+07  1.7103360e+07
Row   263  1.7168640e+07  1.7168640e+07
Row   264  1.7233920e+07  1.7233920e+07
Row   265  1.7299200e+07  1.7299200e+07
Row   266  1.7364480e+07  1.7364480e+07
Row   267  1.7429760e+07  1.7429760e+07
Row   268  1.7495040e+07  1.7495040e+07
Row   269  1.7560320e+07  1.7560320e+07
Row   270  1.7625600e+07  1.7625600e+07
Row   271  1.7690880e+07  1.7690880e+07
Row   272  1.7756160e+07  1.7756160e+07
Row   273  1.7821440e+07  1.7821440e+07
Row   274  1.7886720e+07  1.7886720e+07
Row   275  1.7952000e+07  1.7952000e+07
Row   276  1.8017280e+07  1.8017280e+07
Row   277  1.8082560e+07  1.8082560e+07
Row   278  1.8147840e+07  1.8147840e+07
Row   279  1.8213120e+07  1.8213120e+07
Row   280  1.8278400e+07  1.8278400e+07
Row   281  1.8343680e+07  1.8343680e+07
Row   282  1.8408960e+07  1.8408960e+07
Row   283  1.8474240e+07  1.8474240e+07
Row   284  1.8539520e+07  1.8539520e+07
Row   285  1.8604800e+07  1.8604800e+07
Row   286  1.8670080e+07  1.8670080e+07
Row   287  1.8735360e+07  1.8735360e+07
Row   288  1.8800640e+07  1.8800640e+07
Row   289  1.8865920e+07  1.8865920e+07
Row   290  1.8931200e+07  1.8931200e+07
Row   291  1.8996480e+07  1.8996480e+07
Row   292  1.9061760e+07  1.9061760e+07
Row   293  1.9127040e+07  1.9127040e+07
Row   294  1.9192320e+07  1.9192320e+07
Row   295  1.9257600e+07  1.9257600e+07
Row   296  1.9322880e+07  1.9322880e+07
Row   297  1.9388160e+07  1.9388160e+07
Row   298  1.9453440e+07  1.9453440e+07
Row   299  1.9518720e+07  1.9518720e+07
Row   300  1.9584000e+07  1.9584000e+07
Row   301  1.9649280e+07  1.9649280e+07
Row   302  1.9714560e+07  1.9714560e+07
Row   303  1.9779840e+07  1.9779840e+07
Row   304  1.9845120e+07  1.9845120e+07
Row   305  1.9910400e+07  1.9910400e+07
Row   306  1.9975680e+07  1.9975680e+07
Row   307  2.0040960e+07  2.0040960e+07
Row   308  2.0106240e+07  2.0106240e+07
Row   309  2.0171520e+07  2.0171520e+07
Row   310  2.0236800e+07  2.0236800e+07
Row   311  2.0302080e+07  2.0302080e+07
Row   312  2.0367360e+07  2.0367360e+07
Row   313  2.0432640e+07  2.0432640e+07
Row   314  2.0497920e+07  2.0497920e+07
Row   315  2.0563200e+07  2.0563200e+07
Row   316  2.0628480e+07  2.0628480e+07
Row   317  2.0693760e+07  2.0693760e+07
Row   318  2.0759040e+07  2.0759040e+07
Row   319  2.0824320e+07  2.0824320e+07
Row   320  2.0889600e+07  2.0889600e+07
Row   321  2.0954880e+07  2.0954880e+07
Row   322  2.1020160e+07  2.1020160e+07
Row   323  2.1085440e+07  2.1085440e+07
Row   324  2.1150720e+07  2.1150720e+07
Row   325  2.1216000e+07  2.1216000e+07
Row   326  2.1281280e+07  2.1281280e+07
Row   327  2.1346560e+07  2.1346560e+07
Row   328  2.1411840e+07  2.1411840e+07
Row   329  2.1477120e+07  2.1477120e+07
Row   330  2.1542400e+07  2.1542400e+07
Row   331  2.1607680e+07  2.1607680e+07
Row   332  2.1672960e+07  2.1672960e+07
Row   333  2.1738240e+07  2.1738240e+07
Row   334  2.1803520e+07  2.1803520e+07
Row   335  2.1868800e+07  2.1868800e+07
Row   336  2.1934080e+07  2.1934080e+07
Row   337  2.1999360e+07  2.1999360e+07
Row   338  2.2064640e+07  2.2064640e+07
Row   339  2.2129920e+07  2.2129920e+07
Row   340  2.2195200e+07  2.2195200e+07
Row   341  2.2260480e+07  2.2260480e+07
Row   342  2.2325760e+07  2.2325760e+07
Row   343  2.2391040e+07  2.2391040e+07
Row   344  2.2456320e+07  2.2456320e+07
Row   345  2.2521600e+07  2.2521600e+07
Row   346  2.2586880e+07  2.2586880e+07
Row   347  2.2652160e+07  2.2652160e+07
Row   348  2.2717440e+07  2.2717440e+07
Row   349  2.2782720e+07  2.2782720e+07
Row   350  2.2848000e+07  2.2848000e+07
Row   351  2.2913280e+07  2.2913280e+07
Row   352  2.2978560e+07  2.2978560e+07
Row   353  2.3043840e+07  2.3043840e+07
Row   354  2.3109120e+07  2.3109120e+07
Row   355  2.3174400e+07  2.3174400e+07
Row   356  2.3239680e+07  2.3239680e+07
Row   357  2.3304960e+07  2.3304960e+07
Row   358  2.3370240e+07  2.3370240e+07
Row   359  2.3435520e+07  2.3435520e+07
Row   360  2.3500800e+07  2.3500800e+07
Row   361  2.3566080e+07  2.3566080e+07
Row   362  2.3631360e+07  2.3631360e+07
Row   363  2.3696640e+07  2.3696640e+07
Row   364  2.3761920e+07  2.3761920e+07
Row   365  2.3827200e+07  2.3827200e+07
Row   366  2.3892480e+07  2.3892480e+07
Row   367  2.3957760e+07  2.3957760e+07
Row   368  2.4023040e+07  2.4023040e+07
Row   369  2.4088320e+07  2.4088320e+07
Row   370  2.4153600e+07  2.4153600e+07
Row   371  2.4218880e+07  2.4218880e+07
Row   372  2.4284160e+07  2.4284160e+07
Row   373  2.4349440e+07  2.4349440e+07
Row   374  2.4414720e+07  2.4414720e+07
Row   375  2.4480000e+07  2.4480000e+07
Row   376  2.4545280e+07  2.4545280e+07
Row   377  2.4610560e+07  2.4610560e+07
Row   378  2.4675840e+07  2.4675840e+07
Row   379  2.4741120e+07  2.4741120e+07
Row   380  2.4806400e+07  2.4806400e+07
Row   381  2.4871680e+07  2.4871680e+07
Row   382  2.4936960e+07  2.4936960e+07
Row   383  2.5002240e+07  2.5002240e+07
Row   384  2.5067520e+07  2.5067520e+07
Row   385  2.5132800e+07  2.5132800e+07
Row   386  2.5198080e+07  2.5198080e+07
Row   387  2.5263360e+07  2.5263360e+07
Row   388  2.5328640e+07  2.5328640e+07
Row   389  2.5393920e+07  2.5393920e+07
Row   390  2.5459200e+07  2.5459200e+07
Row   391  2.5524480e+07  2.5524480e+07
Row   392  2.5589760e+07  2.5589760e+07
Row   393  2.5655040e+07  2.5655040e+07
Row   394  2.5720320e+07  2.5720320e+07
Row   395  2.5785600e+07  2.5785600e+07
Row   396  2.5850880e+07  2.5850880e+07
Row   397  2.5916160e+07  2.5916160e+07
Row   398  2.5981440e+07  2.5981440e+07
Row   399  2.6046720e+07  2.6046720e+07
Row   400  2.6112000e+07  2.6112000e+07
Row   401  2.6177280e+07  2.6177280e+07
Row   402  2.6242560e+07  2.6242560e+07
Row   403  2.6307840e+07  2.6307840e+07
Row   404  2.6373120e+07  2.6373120e+07
Row   405  2.6438400e+07  2.6438400e+07
Row   406  2.6503680e+07  2.6503680e+07
Row   407  2.6568960e+07  2.6568960e+07
Row   408  2.6634240e+07  2.6634240e+07
Row   409  2.6699520e+07  2.6699520e+07
Row   410  2.6764800e+07  2.6764800e+07
Row   411  2.6830080e+07  2.6830080e+07
Row   412  2.6895360e+07  2.6895360e+07
Row   413  2.6960640e+07  2.6960640e+07
Row   414  2.7025920e+07  2.7025920e+07
Row   415  2.7091200e+07  2.7091200e+07
Row   416  2.7156480e+07  2.7156480e+07
Row   417  2.7221760e+07  2.7221760e+07
Row   418  2.7287040e+07  2.7287040e+07
Row   419  2.7352320e+07  2.7352320e+07
Row   420  2.7417600e+07  2.7417600e+07
Row   421  2.7482880e+07  2.7482880e+07
Row   422  2.7548160e+07  2.7548160e+07
Row   423  2.7613440e+07  2.7613440e+07
Row   424  2.7678720e+07  2.7678720e+07
Row   425  2.7744000e+07  2.7744000e+07
Row   426  2.7809280e+07  2.7809280e+07
Row   427  2.7874560e+07  2.7874560e+07
Row   428  2.7939840e+07  2.7939840e+07
Row   429  2.8005120e+07  2.8005120e+07
Row   430  2.8070400e+07  2.8070400e+07
Row   431  2.8135680e+07  2.8135680e+07
Row   432  2.8200960e+07  2.8200960e+07
Row   433  2.8266240e+07  2.8266240e+07
Row   434  2.8331520e+07  2.8331520e+07
Row   435  2.8396800e+07  2.8396800e+07
Row   436  2.8462080e+07  2.8462080e+07
Row   437  2.8527360e+07  2.8527360e+07
Row   438  2.8592640e+07  2.8592640e+07
Row   439  2.8657920e+07  2.8657920e+07
Row   440  2.8723200e+07  2.8723200e+07
Row   441  2.8788480e+07  2.8788480e+07
Row   442  2.8853760e+07  2.8853760e+07
Row   443  2.8919040e+07  2.8919040e+07
Row   444  2.8984320e+07  2.8984320e+07
Row   445  2.9049600e+07  2.9049600e+07
Row   446  2.9114880e+07  2.9114880e+07
Row   447  2.9180160e+07  2.9180160e+07
Row   448  2.9245440e+07  2.9245440e+07
Row   449  2.9310720e+07  2.9310720e+07
Row   450  2.9376000e+07  2.9376000e+07
Row   451  2.9441280e+07  2.9441280e+07
Row   452  2.9506560e+07  2.9506560e+07
Row   453  2.9571840e+07  2.9571840e+07
Row   454  2.9637120e+07  2.9637120e+07
Row   455  2.9702400e+07  2.9702400e+07
Row   456  2.9767680e+07  2.9767680e+07
Row   457  2.9832960e+07  2.9832960e+07
Row   458  2.9898240e+07  2.9898240e+07
Row   459  2.9963520e+07  2.9963520e+07
Row   460  3.0028800e+07  3.0028800e+07
Row   461  3.0094080e+07  3.0094080e+07
Row   462  3.0159360e+07  3.0159360e+07
Row   463  3.0224640e+07  3.0224640e+07
Row   464  3.0289920e+07  3.0289920e+07
Row   465  3.0355200e+07  3.0355200e+07
Row   466  3.0420480e+07  3.0420480e+07
Row   467  3.0485760e+07  3.0485760e+07
Row   468  3.0551040e+07  3.0551040e+07
Row   469  3.0616320e+07  3.0616320e+07
Row   470  3.0681600e+07  3.0681600e+07
Row   471  3.0746880e+07  3.0746880e+07
Row   472  3.0812160e+07  3.0812160e+07
Row   473  3.0877440e+07  3.0877440e+07
Row   474  3.0942720e+07  3.0942720e+07
Row   475  3.1008000e+07  3.1008000e+07
Row   476  3.1073280e+07  3.1073280e+07
Row   477  3.1138560e+07  3.1138560e+07
Row   478  3.1203840e+07  3.1203840e+07
Row   479  3.1269120e+07  3.1269120e+07
Row   480  3.1334400e+07  3.1334400e+07
Row   481  3.1399680e+07  3.1399680e+07
Row   482  3.1464960e+07  3.1464960e+07
Row   483  3.1530240e+07  3.1530240e+07
Row   484  3.1595520e+07  3.1595520e+07
Row   485  3.1660800e+07  3.1660800e+07
Row   486  3.1726080e+07  3.1726080e+07
Row   487  3.1791360e+07  3.1791360e+07
Row   488  3.1856640e+07  3.1856640e+07
Row   489  3.1921920e+07  3.1921920e+07
Row   490  3.1987200e+07  3.1987200e+07
Row   491  3.2052480e+07  3.2052480e+07
Row   492  3.2117760e+07  3.2117760e+07
Row   493  3.2183040e+07  3.2183040e+07
Row   494  3.2248320e+07  3.2248320e+07
Row   495  3.2313600e+07  3.2313600e+07
Row   496  3.2378880e+07  3.2378880e+07
Row   497  3.2444160e+07  3.2444160e+07
Row   498  3.2509440e+07  3.2509440e+07
Row   499  3.2574720e+07  3.2574720e+07
Row   500  3.2640000e+07  3.2640000e+07
Row   501  3.2705280e+07  3.2705280e+07
Row   502  3.2770560e+07  3.2770560e+07
Row   503  3.2835840e+07  3.2835840e+07
Row   504  3.2901120e+07  3.2901120e+07
Row   505  3.2966400e+07  3.2966400e+07
Row   506  3.3031680e+07  3.3031680e+07
Row   507  3.3096960e+07  3.3096960e+07
Row   508  3.3162240e+07  3.3162240e+07
Row   509  3.3227520e+07  3.3227520e+07
Row   510  3.3292800e+07  3.3292800e+07
Row   511  3.3358080e+07  3.3358080e+07
Row   512  3.3423360e+07  3.3423360e+07
Row   513  3.3488640e+07  3.3488640e+07
Row   514  3.3553920e+07  3.3553920e+07
Row   515  3.3619200e+07  3.3619200e+07
Row   516  3.3684480e+07  3.3684480e+07
Row   517  3.3749760e+07  3.3749760e+07
Row   518  3.3815040e+07  3.3815040e+07
Row   519  3.3880320e+07  3.3880320e+07
Row   520  3.3945600e+07  3.3945600e+07
Row   521  3.4010880e+07  3.4010880e+07
Row   522  3.4076160e+07  3.4076160e+07
Row   523  3.4141440e+07  3.4141440e+07
Row   524  3.4206720e+07  3.4206720e+07
Row   525  3.4272000e+07  3.4272000e+07
Row   526  3.4337280e+07  3.4337280e+07
Row   527  3.4402560e+07  3.4402560e+07
Row   528  3.4467840e+07  3.4467840e+07
Row   529  3.4533120e+07  3.4533120e+07
Row   530  3.4598400e+07  3.4598400e+07
Row   531  3.4663680e+07  3.4663680e+07
Row   532  3.4728960e+07  3.4728960e+07
Row   533  3.4794240e+07  3.4794240e+07
Row   534  3.4859520e+07  3.4859520e+07
Row   535  3.4924800e+07  3.4924800e+07
Row   536  3.4990080e+07  3.4990080e+07
Row   537  3.5055360e+07  3.5055360e+07
Row   538  3.5120640e+07  3.5120640e+07
Row   539  3.5185920e+07  3.5185920e+07
Row   540  3.5251200e+07  3.5251200e+07
Row   541  3.5316480e+07  3.5316480e+07
Row   542  3.5381760e+07  3.5381760e+07
Row   543  3.5447040e+07  3.5447040e+07
Row   544  3.5512320e+07  3.5512320e+07
Row   545  3.5577600e+07  3.5577600e+07
Row   546  3.5642880e+07  3.5642880e+07
Row   547  3.5708160e+07  3.5708160e+07
Row   548  3.5773440e+07  3.5773440e+07
Row   549  3.5838720e+07  3.5838720e+07
Row   550  3.5904000e+07  3.5904000e+07
Row   551  3.5969280e+07  3.5969280e+07
Row   552  3.6034560e+07  3.6034560e+07
Row   553  3.6099840e+07  3.6099840e+07
Row   554  3.6165120e+07  3.6165120e+07
Row   555  3.6230400e+07  3.6230400e+07
Row   556  3.6295680e+07  3.6295680e+07
Row   557  3.6360960e+07  3.6360960e+07
Row   558  3.6426240e+07  3.6426240e+07
Row   559  3.6491520e+07  3.6491520e+07
Row   560  3.6556800e+07  3.6556800e+07
Row   561  3.6622080e+07  3.6622080e+07
Row   562  3.6687360e+07  3.6687360e+07
Row   563  3.6752640e+07  3.6752640e+07
Row   564  3.6817920e+07  3.6817920e+07
Row   565  3.6883200e+07  3.6883200e+07
Row   566  3.6948480e+07  3.6948480e+07
Row   567  3.7013760e+07  3.7013760e+07
Row   568  3.7079040e+07  3.7079040e+07
Row   569  3.7144320e+07  3.7144320e+07
Row   570  3.7209600e+07  3.7209600e+07
Row   571  3.7274880e+07  3.7274880e+07
Row   572  3.7340160e+07  3.7340160e+07
Row   573  3.7405440e+07  3.7405440e+07
Row   574  3.7470720e+07  3.7470720e+07
Row   575  3.7536000e+07  3.7536000e+07
Row   576  3.7601280e+07  3.7601280e+07
Row   577  3.7666560e+07  3.7666560e+07
Row   578  3.7731840e+07  3.7731840e+07
Row   579  3.7797120e+07  3.7797120e+07
Row   580  3.7862400e+07  3.7862400e+07
Row   581  3.7927680e+07  3.7927680e+07
Row   582  3.7992960e+07  3.7992960e+07
Row   583  3.8058240e+07  3.8058240e+07
Row   584  3.8123520e+07  3.8123520e+07
Row   585  3.8188800e+07  3.8188800e+07
Row   586  3.8254080e+07  3.8254080e+07
Row   587  3.8319360e+07  3.8319360e+07
Row   588  3.8384640e+07  3.8384640e+07
Row   589  3.8449920e+07  3.8449920e+07
Row   590  3.8515200e+07  3.8515200e+07
Row   591  3.8580480e+07  3.8580480e+07
Row   592  3.8645760e+07  3.8645760e+07
Row   593  3.8711040e+07  3.8711040e+07
Row   594  3.8776320e+07  3.8776320e+07
Row   595  3.8841600e+07  3.8841600e+07
Row   596  3.8906880e+07  3.8906880e+07
Row   597  3.8972160e+07  3.8972160e+07
Row   598  3.9037440e+07  3.9037440e+07
Row   599  3.9102720e+07  3.9102720e+07
Row   600  3.9168000e+07  3.9168000e+07
Row   601  3.9233280e+07  3.9233280e+07
Row   602  3.9298560e+07  3.9298560e+07
Row   603  3.9363840e+07  3.9363840e+07
Row   604  3.9429120e+07  3.9429120e+07
Row   605  3.9494400e+07  3.9494400e+07
Row   606  3.9559680e+07  3.9559680e+07
Row   607  3.9624960e+07  3.9624960e+07
Row   608  3.9690240e+07  3.9690240e+07
Row   609  3.9755520e+07  3.9755520e+07
Row   610  3.9820800e+07  3.9820800e+07
Row   611  3.9886080e+07  3.9886080e+07
Row   612  3.9951360e+07  3.9951360e+07
Row   613  4.0016640e+07  4.0016640e+07
Row   614  4.0081920e+07  4.0081920e+07
Row   615  4.0147200e+07  4.0147200e+07
Row   616  4.0212480e+07  4.0212480e+07
Row   617  4.0277760e+07  4.0277760e+07
Row   618  4.0343040e+07  4.0343040e+07
Row   619  4.0408320e+07  4.0408320e+07
Row   620  4.0473600e+07  4.0473600e+07
Row   621  4.0538880e+07  4.0538880e+07
Row   622  4.0604160e+07  4.0604160e+07
Row   623  4.0669440e+07  4.0669440e+07
Row   624  4.0734720e+07  4.0734720e+07
Row   625  4.0800000e+07  4.0800000e+07
Row   626  4.0865280e+07  4.0865280e+07
Row   627  4.0930560e+07  4.0930560e+07
Row   628  4.0995840e+07  4.0995840e+07
Row   629  4.1061120e+07  4.1061120e+07
Row   630  4.1126400e+07  4.1126400e+07
Row   631  4.1191680e+07  4.1191680e+07
Row   632  4.1256960e+07  4.1256960e+07
Row   633  4.1322240e+07  4.1322240e+07
Row   634  4.1387520e+07  4.1387520e+07
Row   635  4.1452800e+07  4.1452800e+07
Row   636  4.1518080e+07  4.1518080e+07
Row   637  4.1583360e+07  4.1583360e+07
Row   638  4.1648640e+07  4.1648640e+07
Row   639  4.1713920e+07  4.1713920e+07
Row   640  4.1779200e+07  4.1779200e+07
Row   641  4.1844480e+07  4.1844480e+07
Row   642  4.1909760e+07  4.1909760e+07
Row   643  4.1975040e+07  4.1975040e+07
Row   644  4.2040320e+07  4.2040320e+07
Row   645  4.2105600e+07  4.2105600e+07
Row   646  4.2170880e+07  4.2170880e+07
Row   647  4.2236160e+07  4.2236160e+07
Row   648  4.2301440e+07  4.2301440e+07
Row   649  4.2366720e+07  4.2366720e+07
Row   650  4.2432000e+07  4.2432000e+07
Row   651  4.2497280e+07  4.2497280e+07
Row   652  4.2562560e+07  4.2562560e+07
Row   653  4.2627840e+07  4.2627840e+07
Row   654  4.2693120e+07  4.2693120e+07
Row   655  4.2758400e+07  4.2758400e+07
Row   656  4.2823680e+07  4.2823680e+07
Row   657  4.2888960e+07  4.2888960e+07
Row   658  4.2954240e+07  4.2954240e+07
Row   659  4.3019520e+07  4.3019520e+07
Row   660  4.3084800e+07  4.3084800e+07
Row   661  4.3150080e+07  4.3150080e+07
Row   662  4.3215360e+07  4.3215360e+07
Row   663  4.3280640e+07  4.3280640e+07
Row   664  4.3345920e+07  4.3345920e+07
Row   665  4.3411200e+07  4.3411200e+07
Row   666  4.3476480e+07  4.3476480e+07
Row   667  4.3541760e+07  4.3541760e+07
Row   668  4.3607040e+07  4.3607040e+07
Row   669  4.3672320e+07  4.3672320e+07
Row   670  4.3737600e+07  4.3737600e+07
Row   671  4.3802880e+07  4.3802880e+07
Row   672  4.3868160e+07  4.3868160e+07
Row   673  4.3933440e+07  4.3933440e+07
Row   674  4.3998720e+07  4.3998720e+07
Row   675  4.4064000e+07  4.4064000e+07
Row   676  4.4129280e+07  4.4129280e+07
Row   677  4.4194560e+07  4.4194560e+07
Row   678  4.4259840e+07  4.4259840e+07
Row   679  4.4325120e+07  4.4325120e+07
Row   680  4.4390400e+07  4.4390400e+07
Row   681  4.4455680e+07  4.4455680e+07
Row   682  4.4520960e+07  4.4520960e+07
Row   683  4.4586240e+07  4.4586240e+07
Row   684  4.4651520e+07  4.4651520e+07
Row   685  4.4716800e+07  4.4716800e+07
Row   686  4.4782080e+07  4.4782080e+07
Row   687  4.4847360e+07  4.4847360e+07
Row   688  4.4912640e+07  4.4912640e+07
Row   689  4.4977920e+07  4.4977920e+07
Row   690  4.5043200e+07  4.5043200e+07
Row   691  4.5108480e+07  4.5108480e+07
Row   692  4.5173760e+07  4.5173760e+07
Row   693  4.5239040e+07  4.5239040e+07
Row   694  4.5304320e+07  4.5304320e+07
Row   695  4.5369600e+07  4.5369600e+07
Row   696  4.5434880e+07  4.5434880e+07
Row   697  4.5500160e+07  4.5500160e+07
Row   698  4.5565440e+07  4.5565440e+07
Row   699  4.5630720e+07  4.5630720e+07
Row   700  4.5696000e+07  4.5696000e+07
Row   701  4.5761280e+07  4.5761280e+07
Row   702  4.5826560e+07  4.5826560e+07
Row   703  4.5891840e+07  4.5891840e+07
Row   704  4.5957120e+07  4.5957120e+07
Row   705  4.6022400e+07  4.6022400e+07
Row   706  4.6087680e+07  4.6087680e+07
Row   707  4.6152960e+07  4.6152960e+07
Row   708  4.6218240e+07  4.6218240e+07
Row   709  4.6283520e+07  4.6283520e+07
Row   710  4.6348800e+07  4.6348800e+07
Row   711  4.6414080e+07  4.6414080e+07
Row   712  4.6479360e+07  4.6479360e+07
Row   713  4.6544640e+07  4.6544640e+07
Row   714  4.6609920e+07  4.6609920e+07
Row   715  4.6675200e+07  4.6675200e+07
Row   716  4.6740480e+07  4.6740480e+07
Row   717  4.6805760e+07  4.6805760e+07
Row   718  4.6871040e+07  4.6871040e+07
Row   719  4.6936320e+07  4.6936320e+07
Row   720  4.7001600e+07  4.7001600e+07
Row   721  4.7066880e+07  4.7066880e+07
Row   722  4.7132160e+07  4.7132160e+07
Row   723  4.7197440e+07  4.7197440e+07
Row   724  4.7262720e+07  4.7262720e+07
Row   725  4.7328000e+07  4.7328000e+07
Row   726  4.7393280e+07  4.7393280e+07
Row   727  4.7458560e+07  4.7458560e+07
Row   728  4.7523840e+07  4.7523840e+07
Row   729  4.7589120e+07  4.7589120e+07
Row   730  4.7654400e+07  4.7654400e+07
Row   731  4.7719680e+07  4.7719680e+07
Row   732  4.7784960e+07  4.7784960e+07
Row   733  4.7850240e+07  4.7850240e+07
Row   734  4.7915520e+07  4.7915520e+07
Row   735  4.7980800e+07  4.7980800e+07
Row   736  4.8046080e+07  4.8046080e+07
Row   737  4.8111360e+07  4.8111360e+07
Row   738  4.8176640e+07  4.8176640e+07
Row   739  4.8241920e+07  4.8241920e+07
Row   740  4.8307200e+07  4.8307200e+07
Row   741  4.8372480e+07  4.8372480e+07
Row   742  4.8437760e+07  4.8437760e+07
Row   743  4.8503040e+07  4.8503040e+07
Row   744  4.8568320e+07  4.8568320e+07
Row   745  4.8633600e+07  4.8633600e+07
Row   746  4.8698880e+07  4.8698880e+07
Row   747  4.8764160e+07  4.8764160e+07
Row   748  4.8829440e+07  4.8829440e+07
Row   749  4.8894720e+07  4.8894720e+07
Row   750  4.8960000e+07  4.8960000e+07
Row   751  4.9025280e+07  4.9025280e+07
Row   752  4.9090560e+07  4.9090560e+07
Row   753  4.9155840e+07  4.9155840e+07
Row   754  4.9221120e+07  4.9221120e+07
Row   755  4.9286400e+07  4.9286400e+07
Row   756  4.9351680e+07  4.9351680e+07
Row   757  4.9416960e+07  4.9416960e+07
Row   758  4.9482240e+07  4.9482240e+07
Row   759  4.9547520e+07  4.9547520e+07
Row   760  4.9612800e+07  4.9612800e+07
Row   761  4.9678080e+07  4.9678080e+07
Row   762  4.9743360e+07  4.9743360e+07
Row   763  4.9808640e+07  4.9808640e+07
Row   764  4.9873920e+07  4.9873920e+07
Row   765  4.9939200e+07  4.9939200e+07
Row   766  5.0004480e+07  5.0004480e+07
Row   767  5.0069760e+07  5.0069760e+07
Row   768  5.0135040e+07  5.0135040e+07
Row   769  5.0200320e+07  5.0200320e+07
Row   770  5.0265600e+07  5.0265600e+07
Row   771  5.0330880e+07  5.0330880e+07
Row   772  5.0396160e+07  5.0396160e+07
Row   773  5.0461440e+07  5.0461440e+07
Row   774  5.0526720e+07  5.0526720e+07
Row   775  5.0592000e+07  5.0592000e+07
Row   776  5.0657280e+07  5.0657280e+07
Row   777  5.0722560e+07  5.0722560e+07
Row   778  5.0787840e+07  5.0787840e+07
Row   779  5.0853120e+07  5.0853120e+07
Row   780  5.0918400e+07  5.0918400e+07
Row   781  5.0983680e+07  5.0983680e+07
Row   782  5.1048960e+07  5.1048960e+07
Row   783  5.1114240e+07  5.1114240e+07
Row   784  5.1179520e+07  5.1179520e+07
Row   785  5.1244800e+07  5.1244800e+07
Row   786  5.1310080e+07  5.1310080e+07
Row   787  5.1375360e+07  5.1375360e+07
Row   788  5.1440640e+07  5.1440640e+07
Row   789  5.1505920e+07  5.1505920e+07
Row   790  5.1571200e+07  5.1571200e+07
Row   791  5.1636480e+07  5.1636480e+07
Row   792  5.1701760e+07  5.1701760e+07
Row   793  5.1767040e+07  5.1767040e+07
Row   794  5.1832320e+07  5.1832320e+07
Row   795  5.1897600e+07  5.1897600e+07
Row   796  5.1962880e+07  5.1962880e+07
Row   797  5.2028160e+07  5.2028160e+07
Row   798  5.2093440e+07  5.2093440e+07
Row   799  5.2158720e+07  5.2158720e+07
Row   800  5.2224000e+07  5.2224000e+07
Row   801  5.2289280e+07  5.2289280e+07
Row   802  5.2354560e+07  5.2354560e+07
Row   803  5.2419840e+07  5.2419840e+07
Row   804  5.2485120e+07  5.2485120e+07
Row   805  5.2550400e+07  5.2550400e+07
Row   806  5.2615680e+07  5.2615680e+07
Row   807  5.2680960e+07  5.2680960e+07
Row   808  5.2746240e+07  5.2746240e+07
Row   809  5.2811520e+07  5.2811520e+07
Row   810  5.2876800e+07  5.2876800e+07
Row   811  5.2942080e+07  5.2942080e+07
Row   812  5.3007360e+07  5.3007360e+07
Row   813  5.3072640e+07  5.3072640e+07
Row   814  5.3137920e+07  5.3137920e+07
Row   815  5.3203200e+07  5.3203200e+07
Row   816  5.3268480e+07  5.3268480e+07
Row   817  5.3333760e+07  5.3333760e+07
Row   818  5.3399040e+07  5.3399040e+07
Row   819  5.3464320e+07  5.3464320e+07
Row   820  5.3529600e+07  5.3529600e+07
Row   821  5.3594880e+07  5.3594880e+07
Row   822  5.3660160e+07  5.3660160e+07
Row   823  5.3725440e+07  5.3725440e+07
Row   824  5.3790720e+07  5.3790720e+07
Row   825  5.3856000e+07  5.3856000e+07
Row   826  5.3921280e+07  5.3921280e+07
Row   827  5.3986560e+07  5.3986560e+07
Row   828  5.4051840e+07  5.4051840e+07
Row   829  5.4117120e+07  5.4117120e+07
Row   830  5.4182400e+07  5.4182400e+07
Row   831  5.4247680e+07  5.4247680e+07
Row   832  5.4312960e+07  5.4312960e+07
Row   833  5.4378240e+07  5.4378240e+07
Row   834  5.4443520e+07  5.4443520e+07
Row   835  5.4508800e+07  5.4508800e+07
Row   836  5.4574080e+07  5.4574080e+07
Row   837  5.4639360e+07  5.4639360e+07
Row   838  5.4704640e+07  5.4704640e+07
Row   839  5.4769920e+07  5.4769920e+07
Row   840  5.4835200e+07  5.4835200e+07
Row   841  5.4900480e+07  5.4900480e+07
Row   842  5.4965760e+07  5.4965760e+07
Row   843  5.5031040e+07  5.5031040e+07
Row   844  5.5096320e+07  5.5096320e+07
Row   845  5.5161600e+07  5.5161600e+07
Row   846  5.5226880e+07  5.5226880e+07
Row   847  5.5292160e+07  5.5292160e+07
Row   848  5.5357440e+07  5.5357440e+07
Row   849  5.5422720e+07  5.5422720e+07
Row   850  5.5488000e+07  5.5488000e+07
Row   851  5.5553280e+07  5.5553280e+07
Row   852  5.5618560e+07  5.5618560e+07
Row   853  5.5683840e+07  5.5683840e+07
Row   854  5.5749120e+07  5.5749120e+07
Row   855  5.5814400e+07  5.5814400e+07
Row   856  5.5879680e+07  5.5879680e+07
Row   857  5.5944960e+07  5.5944960e+07
Row   858  5.6010240e+07  5.6010240e+07
Row   859  5.6075520e+07  5.6075520e+07
Row   860  5.6140800e+07  5.6140800e+07
Row   861  5.6206080e+07  5.6206080e+07
Row   862  5.6271360e+07  5.6271360e+07
Row   863  5.6336640e+07  5.6336640e+07
Row   864  5.6401920e+07  5.6401920e+07
Row   865  5.6467200e+07  5.6467200e+07
Row   866  5.6532480e+07  5.6532480e+07
Row   867  5.6597760e+07  5.6597760e+07
Row   868  5.6663040e+07  5.6663040e+07
Row   869  5.6728320e+07  5.6728320e+07
Row   870  5.6793600e+07  5.6793600e+07
Row   871  5.6858880e+07  5.6858880e+07
Row   872  5.6924160e+07  5.6924160e+07
Row   873  5.6989440e+07  5.6989440e+07
Row   874  5.7054720e+07  5.7054720e+07
Row   875  5.7120000e+07  5.7120000e+07
Row   876  5.7185280e+07  5.7185280e+07
Row   877  5.7250560e+07  5.7250560e+07
Row   878  5.7315840e+07  5.7315840e+07
Row   879  5.7381120e+07  5.7381120e+07
Row   880  5.7446400e+07  5.7446400e+07
Row   881  5.7511680e+07  5.7511680e+07
Row   882  5.7576960e+07  5.7576960e+07
Row   883  5.7642240e+07  5.7642240e+07
Row   884  5.7707520e+07  5.7707520e+07
Row   885  5.7772800e+07  5.7772800e+07
Row   886  5.7838080e+07  5.7838080e+07
Row   887  5.7903360e+07  5.7903360e+07
Row   888  5.7968640e+07  5.7968640e+07
Row   889  5.8033920e+07  5.8033920e+07
Row   890  5.8099200e+07  5.8099200e+07
Row   891  5.8164480e+07  5.8164480e+07
Row   892  5.8229760e+07  5.8229760e+07
Row   893  5.8295040e+07  5.8295040e+07
Row   894  5.8360320e+07  5.8360320e+07
Row   895  5.8425600e+07  5.8425600e+07
Row   896  5.8490880e+07  5.8490880e+07
Row   897  5.8556160e+07  5.8556160e+07
Row   898  5.8621440e+07  5.8621440e+07
Row   899  5.8686720e+07  5.8686720e+07
Row   900  5.8752000e+07  5.8752000e+07
Row   901  5.8817280e+07  5.8817280e+07
Row   902  5.8882560e+07  5.8882560e+07
Row   903  5.8947840e+07  5.8947840e+07
Row   904  5.9013120e+07  5.9013120e+07
Row   905  5.9078400e+07  5.9078400e+07
Row   906  5.9143680e+07  5.9143680e+07
Row   907  5.9208960e+07  5.9208960e+07
Row   908  5.9274240e+07  5.9274240e+07
Row   909  5.9339520e+07  5.9339520e+07
Row   910  5.9404800e+07  5.9404800e+07
Row   911  5.9470080e+07  5.9470080e+07
Row   912  5.9535360e+07  5.9535360e+07
Row   913  5.9600640e+07  5.9600640e+07
Row   914  5.9665920e+07  5.9665920e+07
Row   915  5.9731200e+07  5.9731200e+07
Row   916  5.9796480e+07  5.9796480e+07
Row   917  5.9861760e+07  5.9861760e+07
Row   918  5.9927040e+07  5.9927040e+07
Row   919  5.9992320e+07  5.9992320e+07
Row   920  6.0057600e+07  6.0057600e+07
Row   921  6.0122880e+07  6.0122880e+07
Row   922  6.0188160e+07  6.0188160e+07
Row   923  6.0253440e+07  6.0253440e+07
Row   924  6.0318720e+07  6.0318720e+07
Row   925  6.0384000e+07  6.0384000e+07
Row   926  6.0449280e+07  6.0449280e+07
Row   927  6.0514560e+07  6.0514560e+07
Row   928  6.0579840e+07  6.0579840e+07
Row   929  6.0645120e+07  6.0645120e+07
Row   930  6.0710400e+07  6.0710400e+07
Row   931  6.0775680e+07  6.0775680e+07
Row   932  6.0840960e+07  6.0840960e+07
Row   933  6.0906240e+07  6.0906240e+07
Row   934  6.0971520e+07  6.0971520e+07
Row   935  6.1036800e+07  6.1036800e+07
Row   936  6.1102080e+07  6.1102080e+07
Row   937  6.1167360e+07  6.1167360e+07
Row   938  6.1232640e+07  6.1232640e+07
Row   939  6.1297920e+07  6.1297920e+07
Row   940  6.1363200e+07  6.1363200e+07
Row   941  6.1428480e+07  6.1428480e+07
Row   942  6.1493760e+07  6.1493760e+07
Row   943  6.1559040e+07  6.1559040e+07
Row   944  6.1624320e+07  6.1624320e+07
Row   945  6.1689600e+07  6.1689600e+07
Row   946  6.1754880e+07  6.1754880e+07
Row   947  6.1820160e+07  6.1820160e+07
Row   948  6.1885440e+07  6.1885440e+07
Row   949  6.1950720e+07  6.1950720e+07
Row   950  6.2016000e+07  6.2016000e+07
Row   951  6.2081280e+07  6.2081280e+07
Row   952  6.2146560e+07  6.2146560e+07
Row   953  6.2211840e+07  6.2211840e+07
Row   954  6.2277120e+07  6.2277120e+07
Row   955  6.2342400e+07  6.2342400e+07
Row   956  6.2407680e+07  6.2407680e+07
Row   957  6.2472960e+07  6.2472960e+07
Row   958  6.2538240e+07  6.2538240e+07
Row   959  6.2603520e+07  6.2603520e+07
Row   960  6.2668800e+07  6.2668800e+07
Row   961  6.2734080e+07  6.2734080e+07
Row   962  6.2799360e+07  6.2799360e+07
Row   963  6.2864640e+07  6.2864640e+07
Row   964  6.2929920e+07  6.2929920e+07
Row   965  6.2995200e+07  6.2995200e+07
Row   966  6.3060480e+07  6.3060480e+07
Row   967  6.3125760e+07  6.3125760e+07
Row   968  6.3191040e+07  6.3191040e+07
Row   969  6.3256320e+07  6.3256320e+07
Row   970  6.3321600e+07  6.3321600e+07
Row   971  6.3386880e+07  6.3386880e+07
Row   972  6.3452160e+07  6.3452160e+07
Row   973  6.3517440e+07  6.3517440e+07
Row   974  6.3582720e+07  6.3582720e+07
Row   975  6.3648000e+07  6.3648000e+07
Row   976  6.3713280e+07  6.3713280e+07
Row   977  6.3778560e+07  6.3778560e+07
Row   978  6.3843840e+07  6.3843840e+07
Row   979  6.3909120e+07  6.3909120e+07
Row   980  6.3974400e+07  6.3974400e+07
Row   981  6.4039680e+07  6.4039680e+07
Row   982  6.4104960e+07  6.4104960e+07
Row   983  6.4170240e+07  6.4170240e+07
Row   984  6.4235520e+07  6.4235520e+07
Row   985  6.4300800e+07  6.4300800e+07
Row   986  6.4366080e+07  6.4366080e+07
Row   987  6.4431360e+07  6.4431360e+07
Row   988  6.4496640e+07  6.4496640e+07
Row   989  6.4561920e+07  6.4561920e+07
Row   990  6.4627200e+07  6.4627200e+07
Row   991  6.4692480e+07  6.4692480e+07
Row   992  6.4757760e+07  6.4757760e+07
Row   993  6.4823040e+07  6.4823040e+07
Row   994  6.4888320e+07  6.4888320e+07
Row   995  6.4953600e+07  6.4953600e+07
Row   996  6.5018880e+07  6.5018880e+07
Row   997  6.5084160e+07  6.5084160e+07
Row   998  6.5149440e+07  6.5149440e+07
Row   999  6.5214720e+07  6.5214720e+07
Row  1000  6.5280000e+07  6.5280000e+07
Row  1001  6.5345280e+07  6.5345280e+07
Row  1002  6.5410560e+07  6.5410560e+07
Row  1003  6.5475840e+07  6.5475840e+07
Row  1004  6.5541120e+07  6.5541120e+07
Row  1005  6.5606400e+07  6.5606400e+07
Row  1006  6.5671680e+07  6.5671680e+07
Row  1007  6.5736960e+07  6.5736960e+07
Row  1008  6.5802240e+07  6.5802240e+07
Row  1009  6.5867520e+07  6.5867520e+07
Row  1010  6.5932800e+07  6.5932800e+07
Row  1011  6.5998080e+07  6.5998080e+07
Row  1012  6.6063360e+07  6.6063360e+07
Row  1013  6.6128640e+07  6.6128640e+07
Row  1014  6.6193920e+07  6.6193920e+07
Row  1015  6.6259200e+07  6.6259200e+07
Row  1016  6.6324480e+07  6.6324480e+07
Row  1017  6.6389760e+07  6.6389760e+07
Row  1018  6.6455040e+07  6.6455040e+07
Row  1019  6.6520320e+07  6.6520320e+07
Row  1020  6.6585600e+07  6.6585600e+07
Row  1021  6.6650880e+07  6.6650880e+07
Row  1022  6.6716160e+07  6.6716160e+07
Row  1023  6.6781440e+07  6.6781440e+07
No. rows 1024, and correct rows 1024

ROCPRofiler: 1 contexts collected, output directory /tmp/rpl_data_240809_172058_16291/input_results_240809_172058
File '/mnt/lustre/a2fs-work4/work/ta163/ta163/ta163lr/archer2-gpu-course/section-2.06/my_solution/step1/results.csv' is generating
File '/mnt/lustre/a2fs-work4/work/ta163/ta163/ta163lr/archer2-gpu-course/section-2.06/my_solution/step1/results.stats.csv' is generating
