

======================= ROCm System Management Interface =======================
================================= Concise Info =================================
GPU  Temp   AvgPwr  SCLK    MCLK     Fan  Perf  PwrCap  VRAM%  GPU%  
0    29.0c  43.0W   800Mhz  1600Mhz  0%   auto  300.0W    0%   0%    
================================================================================
============================= End of ROCm SMI Log ==============================
srun: error: nid200001: task 0: Exited with exit code 2
srun: launch/slurm: _step_signal: Terminating StepId=7297613.0
Device 0 name: 
Maximum number of threads per block: 1024
Results:
        0  0.00
        1  1.00
        2  2.00
        3  3.00
        4  4.00
        5  5.00
        6  6.00
        7  7.00
        8  8.00
        9  9.00
       10 10.00
       11 11.00
       12 12.00
       13 13.00
       14 14.00
       15 15.00
       16 16.00
       17 17.00
       18 18.00
       19 19.00
       20 20.00
       21 21.00
       22 22.00
       23 23.00
       24 24.00
       25 25.00
       26 26.00
       27 27.00
       28 28.00
       29 29.00
       30 30.00
       31 31.00
       32 32.00
       33 33.00
       34 34.00
       35 35.00
       36 36.00
       37 37.00
       38 38.00
       39 39.00
       40 40.00
       41 41.00
       42 42.00
       43 43.00
       44 44.00
       45 45.00
       46 46.00
       47 47.00
       48 48.00
       49 49.00
       50 50.00
       51 51.00
       52 52.00
       53 53.00
       54 54.00
       55 55.00
       56 56.00
       57 57.00
       58 58.00
       59 59.00
       60 60.00
       61 61.00
       62 62.00
       63 63.00
       64 64.00
       65 65.00
       66 66.00
       67 67.00
       68 68.00
       69 69.00
       70 70.00
       71 71.00
       72 72.00
       73 73.00
       74 74.00
       75 75.00
       76 76.00
       77 77.00
       78 78.00
       79 79.00
       80 80.00
       81 81.00
       82 82.00
       83 83.00
       84 84.00
       85 85.00
       86 86.00
       87 87.00
       88 88.00
       89 89.00
       90 90.00
       91 91.00
       92 92.00
       93 93.00
       94 94.00
       95 95.00
       96 96.00
       97 97.00
       98 98.00
       99 99.00
      100 100.00
      101 101.00
      102 102.00
      103 103.00
      104 104.00
      105 105.00
      106 106.00
      107 107.00
      108 108.00
      109 109.00
      110 110.00
      111 111.00
      112 112.00
      113 113.00
      114 114.00
      115 115.00
      116 116.00
      117 117.00
      118 118.00
      119 119.00
      120 120.00
      121 121.00
      122 122.00
      123 123.00
      124 124.00
      125 125.00
      126 126.00
      127 127.00
      128 128.00
      129 129.00
      130 130.00
      131 131.00
      132 132.00
      133 133.00
      134 134.00
      135 135.00
      136 136.00
      137 137.00
      138 138.00
      139 139.00
      140 140.00
      141 141.00
      142 142.00
      143 143.00
      144 144.00
      145 145.00
      146 146.00
      147 147.00
      148 148.00
      149 149.00
      150 150.00
      151 151.00
      152 152.00
      153 153.00
      154 154.00
      155 155.00
      156 156.00
      157 157.00
      158 158.00
      159 159.00
      160 160.00
      161 161.00
      162 162.00
      163 163.00
      164 164.00
      165 165.00
      166 166.00
      167 167.00
      168 168.00
      169 169.00
      170 170.00
      171 171.00
      172 172.00
      173 173.00
      174 174.00
      175 175.00
      176 176.00
      177 177.00
      178 178.00
      179 179.00
      180 180.00
      181 181.00
      182 182.00
      183 183.00
      184 184.00
      185 185.00
      186 186.00
      187 187.00
      188 188.00
      189 189.00
      190 190.00
      191 191.00
      192 192.00
      193 193.00
      194 194.00
      195 195.00
      196 196.00
      197 197.00
      198 198.00
      199 199.00
      200 200.00
      201 201.00
      202 202.00
      203 203.00
      204 204.00
      205 205.00
      206 206.00
      207 207.00
      208 208.00
      209 209.00
      210 210.00
      211 211.00
      212 212.00
      213 213.00
      214 214.00
      215 215.00
      216 216.00
      217 217.00
      218 218.00
      219 219.00
      220 220.00
      221 221.00
      222 222.00
      223 223.00
      224 224.00
      225 225.00
      226 226.00
      227 227.00
      228 228.00
      229 229.00
      230 230.00
      231 231.00
      232 232.00
      233 233.00
      234 234.00
      235 235.00
      236 236.00
      237 237.00
      238 238.00
      239 239.00
      240 240.00
      241 241.00
      242 242.00
      243 243.00
      244 244.00
      245 245.00
      246 246.00
      247 247.00
      248 248.00
      249 249.00
      250 250.00
      251 251.00
      252 252.00
      253 253.00
      254 254.00
      255 255.00
No. elements 256, and correct: 256
